<?xml version="1.0" encoding="UTF-8"?>
<trace:TraceModel xmi:version="2.0"
    xmlns:xmi="http://www.omg.org/XMI"
    xmlns:trace="http://www.eclipse.org/gmf/2006/Trace">
  <nodeTraces
      visualID="2001"
      queryText="(let _eClass_:ecore::EClass = modelFacet.metaClass.ecoreClass in _eClass_.ePackage.nsURI = 'http://unicase.org/model/urml/goal' and _eClass_.name = 'Goal') and (let _containmentMF_:ecore::EStructuralFeature = modelFacet.containmentMetaFeature.ecoreFeature in (let _eClass_:ecore::EClass = _containmentMF_.eContainingClass in _eClass_.ePackage.nsURI = 'http://unicase.org/model/diagram' and _eClass_.name = 'MEDiagram') and _containmentMF_.name = 'newElements') and ( let _childMF_:ecore::EStructuralFeature = modelFacet.childMetaFeature.ecoreFeature in (let _eClass_:ecore::EClass = _childMF_.eContainingClass in _eClass_.ePackage.nsURI = 'http://unicase.org/model/diagram' and _eClass_.name = 'MEDiagram') and _childMF_.name = 'elements')">
    <nodeLabelTraces
        visualID="5009"
        queryText="true"/>
  </nodeTraces>
  <nodeTraces
      visualID="2002"
      queryText="(let _eClass_:ecore::EClass = modelFacet.metaClass.ecoreClass in _eClass_.ePackage.nsURI = 'http://unicase.org/model/urml' and _eClass_.name = 'Stakeholder') and (let _containmentMF_:ecore::EStructuralFeature = modelFacet.containmentMetaFeature.ecoreFeature in (let _eClass_:ecore::EClass = _containmentMF_.eContainingClass in _eClass_.ePackage.nsURI = 'http://unicase.org/model/diagram' and _eClass_.name = 'MEDiagram') and _containmentMF_.name = 'newElements')">
    <nodeLabelTraces
        visualID="5008"
        queryText="true"/>
  </nodeTraces>
  <nodeTraces
      visualID="2005"
      queryText="(let _eClass_:ecore::EClass = modelFacet.metaClass.ecoreClass in _eClass_.ePackage.nsURI = 'http://unicase.org/model/urml' and _eClass_.name = 'Feature') and (let _containmentMF_:ecore::EStructuralFeature = modelFacet.containmentMetaFeature.ecoreFeature in (let _eClass_:ecore::EClass = _containmentMF_.eContainingClass in _eClass_.ePackage.nsURI = 'http://unicase.org/model/diagram' and _eClass_.name = 'MEDiagram') and _containmentMF_.name = 'newElements') and ( let _childMF_:ecore::EStructuralFeature = modelFacet.childMetaFeature.ecoreFeature in (let _eClass_:ecore::EClass = _childMF_.eContainingClass in _eClass_.ePackage.nsURI = 'http://unicase.org/model/diagram' and _eClass_.name = 'MEDiagram') and _childMF_.name = 'elements')">
    <nodeLabelTraces
        visualID="5001"
        queryText="true"/>
  </nodeTraces>
  <nodeTraces
      visualID="2006"
      queryText="(let _eClass_:ecore::EClass = modelFacet.metaClass.ecoreClass in _eClass_.ePackage.nsURI = 'http://unicase.org/model/urml/requirement' and _eClass_.name = 'FunctionalRequirement') and (let _containmentMF_:ecore::EStructuralFeature = modelFacet.containmentMetaFeature.ecoreFeature in (let _eClass_:ecore::EClass = _containmentMF_.eContainingClass in _eClass_.ePackage.nsURI = 'http://unicase.org/model/diagram' and _eClass_.name = 'MEDiagram') and _containmentMF_.name = 'newElements') and ( let _childMF_:ecore::EStructuralFeature = modelFacet.childMetaFeature.ecoreFeature in (let _eClass_:ecore::EClass = _childMF_.eContainingClass in _eClass_.ePackage.nsURI = 'http://unicase.org/model/diagram' and _eClass_.name = 'MEDiagram') and _childMF_.name = 'elements')">
    <nodeLabelTraces
        visualID="5010"
        queryText="true"/>
  </nodeTraces>
  <nodeTraces
      visualID="2007"
      queryText="(let _eClass_:ecore::EClass = modelFacet.metaClass.ecoreClass in _eClass_.ePackage.nsURI = 'http://unicase.org/model/urml/service' and _eClass_.name = 'Service') and (let _containmentMF_:ecore::EStructuralFeature = modelFacet.containmentMetaFeature.ecoreFeature in (let _eClass_:ecore::EClass = _containmentMF_.eContainingClass in _eClass_.ePackage.nsURI = 'http://unicase.org/model/diagram' and _eClass_.name = 'MEDiagram') and _containmentMF_.name = 'newElements') and ( let _childMF_:ecore::EStructuralFeature = modelFacet.childMetaFeature.ecoreFeature in (let _eClass_:ecore::EClass = _childMF_.eContainingClass in _eClass_.ePackage.nsURI = 'http://unicase.org/model/diagram' and _eClass_.name = 'MEDiagram') and _childMF_.name = 'elements')">
    <nodeLabelTraces
        visualID="5002"
        queryText="true"/>
  </nodeTraces>
  <nodeTraces
      visualID="2008"
      queryText="(let _eClass_:ecore::EClass = modelFacet.metaClass.ecoreClass in _eClass_.ePackage.nsURI = 'http://unicase.org/model/urml/requirement' and _eClass_.name = 'NonFunctionalRequirement') and (let _containmentMF_:ecore::EStructuralFeature = modelFacet.containmentMetaFeature.ecoreFeature in (let _eClass_:ecore::EClass = _containmentMF_.eContainingClass in _eClass_.ePackage.nsURI = 'http://unicase.org/model/diagram' and _eClass_.name = 'MEDiagram') and _containmentMF_.name = 'newElements') and ( let _childMF_:ecore::EStructuralFeature = modelFacet.childMetaFeature.ecoreFeature in (let _eClass_:ecore::EClass = _childMF_.eContainingClass in _eClass_.ePackage.nsURI = 'http://unicase.org/model/diagram' and _eClass_.name = 'MEDiagram') and _childMF_.name = 'elements')">
    <nodeLabelTraces
        visualID="5003"
        queryText="true"/>
  </nodeTraces>
  <nodeTraces
      visualID="2009"
      queryText="(let _eClass_:ecore::EClass = modelFacet.metaClass.ecoreClass in _eClass_.ePackage.nsURI = 'http://unicase.org/model/urml/danger' and _eClass_.name = 'Danger') and (let _containmentMF_:ecore::EStructuralFeature = modelFacet.containmentMetaFeature.ecoreFeature in (let _eClass_:ecore::EClass = _containmentMF_.eContainingClass in _eClass_.ePackage.nsURI = 'http://unicase.org/model/diagram' and _eClass_.name = 'MEDiagram') and _containmentMF_.name = 'newElements') and ( let _childMF_:ecore::EStructuralFeature = modelFacet.childMetaFeature.ecoreFeature in (let _eClass_:ecore::EClass = _childMF_.eContainingClass in _eClass_.ePackage.nsURI = 'http://unicase.org/model/diagram' and _eClass_.name = 'MEDiagram') and _childMF_.name = 'elements')">
    <nodeLabelTraces
        visualID="5004"
        queryText="true"/>
  </nodeTraces>
  <nodeTraces
      visualID="2010"
      queryText="(let _eClass_:ecore::EClass = modelFacet.metaClass.ecoreClass in _eClass_.ePackage.nsURI = 'http://unicase.org/model/urml/usecase' and _eClass_.name = 'Actor') and (let _containmentMF_:ecore::EStructuralFeature = modelFacet.containmentMetaFeature.ecoreFeature in (let _eClass_:ecore::EClass = _containmentMF_.eContainingClass in _eClass_.ePackage.nsURI = 'http://unicase.org/model/diagram' and _eClass_.name = 'MEDiagram') and _containmentMF_.name = 'newElements') and ( let _childMF_:ecore::EStructuralFeature = modelFacet.childMetaFeature.ecoreFeature in (let _eClass_:ecore::EClass = _childMF_.eContainingClass in _eClass_.ePackage.nsURI = 'http://unicase.org/model/diagram' and _eClass_.name = 'MEDiagram') and _childMF_.name = 'elements')">
    <nodeLabelTraces
        visualID="5005"
        queryText="true"/>
  </nodeTraces>
  <nodeTraces
      visualID="2011"
      queryText="(let _eClass_:ecore::EClass = modelFacet.metaClass.ecoreClass in _eClass_.ePackage.nsURI = 'http://unicase.org/model/urml/danger' and _eClass_.name = 'ProceduralMitigation') and (let _containmentMF_:ecore::EStructuralFeature = modelFacet.containmentMetaFeature.ecoreFeature in (let _eClass_:ecore::EClass = _containmentMF_.eContainingClass in _eClass_.ePackage.nsURI = 'http://unicase.org/model/diagram' and _eClass_.name = 'MEDiagram') and _containmentMF_.name = 'newElements') and ( let _childMF_:ecore::EStructuralFeature = modelFacet.childMetaFeature.ecoreFeature in (let _eClass_:ecore::EClass = _childMF_.eContainingClass in _eClass_.ePackage.nsURI = 'http://unicase.org/model/diagram' and _eClass_.name = 'MEDiagram') and _childMF_.name = 'elements')">
    <nodeLabelTraces
        visualID="5006"
        queryText="true"/>
  </nodeTraces>
  <linkTraces
      visualID="4004"
      queryText="modelFacet.oclIsKindOf(gmfgen::FeatureLinkModelFacet) and (let _feature_:ecore::EStructuralFeature = modelFacet.oclAsType(gmfgen::FeatureLinkModelFacet).metaFeature.ecoreFeature in (let _eClass_:ecore::EClass = _feature_.eContainingClass in _eClass_.ePackage.nsURI = 'http://unicase.org/model/urml/goal' and _eClass_.name = 'Goal') and _feature_.name = 'realizedFeatures')">
    <linkLabelTraces
        visualID="6004"
        queryText="true"/>
  </linkTraces>
  <linkTraces
      visualID="4005"
      queryText="modelFacet.oclIsKindOf(gmfgen::FeatureLinkModelFacet) and (let _feature_:ecore::EStructuralFeature = modelFacet.oclAsType(gmfgen::FeatureLinkModelFacet).metaFeature.ecoreFeature in (let _eClass_:ecore::EClass = _feature_.eContainingClass in _eClass_.ePackage.nsURI = 'http://unicase.org/model/urml/requirement' and _eClass_.name = 'Requirement') and _feature_.name = 'implementingServices')">
    <linkLabelTraces
        visualID="6007"
        queryText="true"/>
  </linkTraces>
  <linkTraces
      visualID="4006"
      queryText="modelFacet.oclIsKindOf(gmfgen::FeatureLinkModelFacet) and (let _feature_:ecore::EStructuralFeature = modelFacet.oclAsType(gmfgen::FeatureLinkModelFacet).metaFeature.ecoreFeature in (let _eClass_:ecore::EClass = _feature_.eContainingClass in _eClass_.ePackage.nsURI = 'http://unicase.org/model/urml' and _eClass_.name = 'Feature') and _feature_.name = 'detailingFunctionalRequirements')">
    <linkLabelTraces
        visualID="6005"
        queryText="true"/>
  </linkTraces>
  <linkTraces
      visualID="4008"
      queryText="modelFacet.oclIsKindOf(gmfgen::FeatureLinkModelFacet) and (let _feature_:ecore::EStructuralFeature = modelFacet.oclAsType(gmfgen::FeatureLinkModelFacet).metaFeature.ecoreFeature in (let _eClass_:ecore::EClass = _feature_.eContainingClass in _eClass_.ePackage.nsURI = 'http://unicase.org/model/urml' and _eClass_.name = 'Stakeholder') and _feature_.name = 'goals')">
    <linkLabelTraces
        visualID="6001"
        queryText="true"/>
  </linkTraces>
  <linkTraces
      visualID="4010"
      queryText="modelFacet.oclIsKindOf(gmfgen::FeatureLinkModelFacet) and (let _feature_:ecore::EStructuralFeature = modelFacet.oclAsType(gmfgen::FeatureLinkModelFacet).metaFeature.ecoreFeature in (let _eClass_:ecore::EClass = _feature_.eContainingClass in _eClass_.ePackage.nsURI = 'http://unicase.org/model/urml' and _eClass_.name = 'Feature') and _feature_.name = 'constrainingNonFunctionalRequirements')">
    <linkLabelTraces
        visualID="6006"
        queryText="true"/>
  </linkTraces>
  <linkTraces
      visualID="4012"
      queryText="modelFacet.oclIsKindOf(gmfgen::FeatureLinkModelFacet) and (let _feature_:ecore::EStructuralFeature = modelFacet.oclAsType(gmfgen::FeatureLinkModelFacet).metaFeature.ecoreFeature in (let _eClass_:ecore::EClass = _feature_.eContainingClass in _eClass_.ePackage.nsURI = 'http://unicase.org/model/urml/danger' and _eClass_.name = 'Mitigation') and _feature_.name = 'mitigatedDangers')">
    <linkLabelTraces
        visualID="6009"
        queryText="true"/>
  </linkTraces>
  <linkTraces
      visualID="4013"
      queryText="modelFacet.oclIsKindOf(gmfgen::FeatureLinkModelFacet) and (let _feature_:ecore::EStructuralFeature = modelFacet.oclAsType(gmfgen::FeatureLinkModelFacet).metaFeature.ecoreFeature in (let _eClass_:ecore::EClass = _feature_.eContainingClass in _eClass_.ePackage.nsURI = 'http://unicase.org/model/urml/danger' and _eClass_.name = 'Danger') and _feature_.name = 'harmedAssets')">
    <linkLabelTraces
        visualID="6010"
        queryText="true"/>
  </linkTraces>
  <linkTraces
      visualID="4015"
      queryText="modelFacet.oclIsKindOf(gmfgen::FeatureLinkModelFacet) and (let _feature_:ecore::EStructuralFeature = modelFacet.oclAsType(gmfgen::FeatureLinkModelFacet).metaFeature.ecoreFeature in (let _eClass_:ecore::EClass = _feature_.eContainingClass in _eClass_.ePackage.nsURI = 'http://unicase.org/model/urml' and _eClass_.name = 'Feature') and _feature_.name = 'subFeatures')">
    <linkLabelTraces
        visualID="6003"
        queryText="true"/>
  </linkTraces>
  <linkTraces
      visualID="4016"
      queryText="modelFacet.oclIsKindOf(gmfgen::TypeLinkModelFacet) and (let _eClass_:ecore::EClass = modelFacet.oclAsType(gmfgen::TypeLinkModelFacet).metaClass.ecoreClass in _eClass_.ePackage.nsURI = 'http://unicase.org/model/urml/goal' and _eClass_.name = 'GoalReference')">
    <linkLabelTraces
        visualID="6013"
        queryText="true"/>
  </linkTraces>
  <linkTraces
      visualID="4017"
      queryText="modelFacet.oclIsKindOf(gmfgen::FeatureLinkModelFacet) and (let _feature_:ecore::EStructuralFeature = modelFacet.oclAsType(gmfgen::FeatureLinkModelFacet).metaFeature.ecoreFeature in (let _eClass_:ecore::EClass = _feature_.eContainingClass in _eClass_.ePackage.nsURI = 'http://unicase.org/model/urml/danger' and _eClass_.name = 'Asset') and _feature_.name = 'triggeredDangers')">
    <linkLabelTraces
        visualID="6012"
        queryText="true"/>
  </linkTraces>
  <linkTraces
      visualID="4018"
      queryText="modelFacet.oclIsKindOf(gmfgen::FeatureLinkModelFacet) and (let _feature_:ecore::EStructuralFeature = modelFacet.oclAsType(gmfgen::FeatureLinkModelFacet).metaFeature.ecoreFeature in (let _eClass_:ecore::EClass = _feature_.eContainingClass in _eClass_.ePackage.nsURI = 'http://unicase.org/model/urml/goal' and _eClass_.name = 'Goal') and _feature_.name = 'subGoals')">
    <linkLabelTraces
        visualID="6014"
        queryText="true"/>
  </linkTraces>
  <linkTraces
      visualID="4019"
      queryText="modelFacet.oclIsKindOf(gmfgen::FeatureLinkModelFacet) and (let _feature_:ecore::EStructuralFeature = modelFacet.oclAsType(gmfgen::FeatureLinkModelFacet).metaFeature.ecoreFeature in (let _eClass_:ecore::EClass = _feature_.eContainingClass in _eClass_.ePackage.nsURI = 'http://unicase.org/model/urml' and _eClass_.name = 'Feature') and _feature_.name = 'requieredFeatures')">
    <linkLabelTraces
        visualID="6015"
        queryText="true"/>
  </linkTraces>
  <linkTraces
      visualID="4020"
      queryText="modelFacet.oclIsKindOf(gmfgen::FeatureLinkModelFacet) and (let _feature_:ecore::EStructuralFeature = modelFacet.oclAsType(gmfgen::FeatureLinkModelFacet).metaFeature.ecoreFeature in (let _eClass_:ecore::EClass = _feature_.eContainingClass in _eClass_.ePackage.nsURI = 'http://unicase.org/model/urml' and _eClass_.name = 'Feature') and _feature_.name = 'excludedFeatures')">
    <linkLabelTraces
        visualID="6016"
        queryText="true"/>
  </linkTraces>
  <linkTraces
      visualID="4021"
      queryText="modelFacet.oclIsKindOf(gmfgen::FeatureLinkModelFacet) and (let _feature_:ecore::EStructuralFeature = modelFacet.oclAsType(gmfgen::FeatureLinkModelFacet).metaFeature.ecoreFeature in (let _eClass_:ecore::EClass = _feature_.eContainingClass in _eClass_.ePackage.nsURI = 'http://unicase.org/model/urml/requirement' and _eClass_.name = 'Requirement') and _feature_.name = 'subRequirements')">
    <linkLabelTraces
        visualID="6017"
        queryText="true"/>
  </linkTraces>
  <linkTraces
      visualID="4022"
      queryText="modelFacet.oclIsKindOf(gmfgen::FeatureLinkModelFacet) and (let _feature_:ecore::EStructuralFeature = modelFacet.oclAsType(gmfgen::FeatureLinkModelFacet).metaFeature.ecoreFeature in (let _eClass_:ecore::EClass = _feature_.eContainingClass in _eClass_.ePackage.nsURI = 'http://unicase.org/model/urml/service' and _eClass_.name = 'Service') and _feature_.name = 'subServices')">
    <linkLabelTraces
        visualID="6018"
        queryText="true"/>
  </linkTraces>
</trace:TraceModel>
