<?xml version="1.0" encoding="UTF-8"?>
<trace:TraceModel xmi:version="2.0"
    xmlns:xmi="http://www.omg.org/XMI"
    xmlns:trace="http://www.eclipse.org/gmf/2006/Trace">
  <nodeTraces
      visualID="2001"
      queryText="(let _eClass_:ecore::EClass = modelFacet.metaClass.ecoreClass in _eClass_.ePackage.nsURI = 'http://unicase.org/model/classes' and _eClass_.name = 'Class') and (let _containmentMF_:ecore::EStructuralFeature = modelFacet.containmentMetaFeature.ecoreFeature in (let _eClass_:ecore::EClass = _containmentMF_.eContainingClass in _eClass_.ePackage.nsURI = 'http://unicase.org/model/diagram' and _eClass_.name = 'MEDiagram') and _containmentMF_.name = 'newElements') and ( let _childMF_:ecore::EStructuralFeature = modelFacet.childMetaFeature.ecoreFeature in (let _eClass_:ecore::EClass = _childMF_.eContainingClass in _eClass_.ePackage.nsURI = 'http://unicase.org/model/diagram' and _eClass_.name = 'MEDiagram') and _childMF_.name = 'elements')">
    <nodeLabelTraces
        visualID="5001"
        queryText="true"/>
    <compartmentTraces
        visualID="7001"
        queryText="true"/>
    <compartmentTraces
        visualID="7002"
        queryText="true"/>
  </nodeTraces>
  <nodeTraces
      visualID="2002"
      queryText="(let _eClass_:ecore::EClass = modelFacet.metaClass.ecoreClass in _eClass_.ePackage.nsURI = 'http://unicase.org/model/classes' and _eClass_.name = 'Package') and (let _containmentMF_:ecore::EStructuralFeature = modelFacet.containmentMetaFeature.ecoreFeature in (let _eClass_:ecore::EClass = _containmentMF_.eContainingClass in _eClass_.ePackage.nsURI = 'http://unicase.org/model/diagram' and _eClass_.name = 'MEDiagram') and _containmentMF_.name = 'newElements') and ( let _childMF_:ecore::EStructuralFeature = modelFacet.childMetaFeature.ecoreFeature in (let _eClass_:ecore::EClass = _childMF_.eContainingClass in _eClass_.ePackage.nsURI = 'http://unicase.org/model/diagram' and _eClass_.name = 'MEDiagram') and _childMF_.name = 'elements')">
    <nodeLabelTraces
        visualID="5002"
        queryText="true"/>
  </nodeTraces>
  <childNodeTraces
      visualID="3001"
      queryText="(let _eClass_:ecore::EClass = modelFacet.metaClass.ecoreClass in _eClass_.ePackage.nsURI = 'http://unicase.org/model/classes' and _eClass_.name = 'Attribute') and (let _containmentMF_:ecore::EStructuralFeature = modelFacet.containmentMetaFeature.ecoreFeature in (let _eClass_:ecore::EClass = _containmentMF_.eContainingClass in _eClass_.ePackage.nsURI = 'http://unicase.org/model/classes' and _eClass_.name = 'Class') and _containmentMF_.name = 'attributes')"/>
  <childNodeTraces
      visualID="3002"
      queryText="(let _eClass_:ecore::EClass = modelFacet.metaClass.ecoreClass in _eClass_.ePackage.nsURI = 'http://unicase.org/model/classes' and _eClass_.name = 'Method') and (let _containmentMF_:ecore::EStructuralFeature = modelFacet.containmentMetaFeature.ecoreFeature in (let _eClass_:ecore::EClass = _containmentMF_.eContainingClass in _eClass_.ePackage.nsURI = 'http://unicase.org/model/classes' and _eClass_.name = 'Class') and _containmentMF_.name = 'methods')"/>
  <linkTraces
      visualID="4001"
      queryText="modelFacet.oclIsKindOf(gmfgen::TypeLinkModelFacet) and (let _eClass_:ecore::EClass = modelFacet.oclAsType(gmfgen::TypeLinkModelFacet).metaClass.ecoreClass in _eClass_.ePackage.nsURI = 'http://unicase.org/model/classes' and _eClass_.name = 'Association')">
    <linkLabelTraces
        visualID="6001"
        queryText="true"/>
    <linkLabelTraces
        visualID="6002"
        queryText="true"/>
    <linkLabelTraces
        visualID="6003"
        queryText="true"/>
  </linkTraces>
  <linkTraces
      visualID="4002"
      queryText="modelFacet.oclIsKindOf(gmfgen::TypeLinkModelFacet) and (let _eClass_:ecore::EClass = modelFacet.oclAsType(gmfgen::TypeLinkModelFacet).metaClass.ecoreClass in _eClass_.ePackage.nsURI = 'http://unicase.org/model/classes' and _eClass_.name = 'Association')">
    <linkLabelTraces
        visualID="6004"
        queryText="true"/>
    <linkLabelTraces
        visualID="6005"
        queryText="true"/>
    <linkLabelTraces
        visualID="6006"
        queryText="true"/>
  </linkTraces>
  <linkTraces
      visualID="4003"
      queryText="modelFacet.oclIsKindOf(gmfgen::TypeLinkModelFacet) and (let _eClass_:ecore::EClass = modelFacet.oclAsType(gmfgen::TypeLinkModelFacet).metaClass.ecoreClass in _eClass_.ePackage.nsURI = 'http://unicase.org/model/classes' and _eClass_.name = 'Association')">
    <linkLabelTraces
        visualID="6007"
        queryText="true"/>
    <linkLabelTraces
        visualID="6008"
        queryText="true"/>
    <linkLabelTraces
        visualID="6009"
        queryText="true"/>
  </linkTraces>
  <linkTraces
      visualID="4004"
      queryText="modelFacet.oclIsKindOf(gmfgen::TypeLinkModelFacet) and (let _eClass_:ecore::EClass = modelFacet.oclAsType(gmfgen::TypeLinkModelFacet).metaClass.ecoreClass in _eClass_.ePackage.nsURI = 'http://unicase.org/model/classes' and _eClass_.name = 'Association')">
    <linkLabelTraces
        visualID="6010"
        queryText="true"/>
    <linkLabelTraces
        visualID="6011"
        queryText="true"/>
    <linkLabelTraces
        visualID="6012"
        queryText="true"/>
  </linkTraces>
  <linkTraces
      visualID="4005"
      queryText="modelFacet.oclIsKindOf(gmfgen::FeatureLinkModelFacet) and (let _feature_:ecore::EStructuralFeature = modelFacet.oclAsType(gmfgen::FeatureLinkModelFacet).metaFeature.ecoreFeature in (let _eClass_:ecore::EClass = _feature_.eContainingClass in _eClass_.ePackage.nsURI = 'http://unicase.org/model/classes' and _eClass_.name = 'Class') and _feature_.name = 'subClasses')"/>
  <linkTraces
      visualID="4006"
      queryText="modelFacet.oclIsKindOf(gmfgen::TypeLinkModelFacet) and (let _eClass_:ecore::EClass = modelFacet.oclAsType(gmfgen::TypeLinkModelFacet).metaClass.ecoreClass in _eClass_.ePackage.nsURI = 'http://unicase.org/model/classes' and _eClass_.name = 'Dependency')"/>
</trace:TraceModel>
