<?xml version="1.0" encoding="UTF-8"?>
<trace:TraceModel xmi:version="2.0"
    xmlns:xmi="http://www.omg.org/XMI"
    xmlns:trace="http://www.eclipse.org/gmf/2006/Trace">
  <nodeTraces
      visualID="2001"
      queryText="(let _eClass_:ecore::EClass = modelFacet.metaClass.ecoreClass in _eClass_.ePackage.nsURI = 'http://unicase.org/model/component' and _eClass_.name = 'ComponentService') and (let _containmentMF_:ecore::EStructuralFeature = modelFacet.containmentMetaFeature.ecoreFeature in (let _eClass_:ecore::EClass = _containmentMF_.eContainingClass in _eClass_.ePackage.nsURI = 'http://unicase.org/model/diagram' and _eClass_.name = 'MEDiagram') and _containmentMF_.name = 'newElements') and ( let _childMF_:ecore::EStructuralFeature = modelFacet.childMetaFeature.ecoreFeature in (let _eClass_:ecore::EClass = _childMF_.eContainingClass in _eClass_.ePackage.nsURI = 'http://unicase.org/model/diagram' and _eClass_.name = 'MEDiagram') and _childMF_.name = 'elements')">
    <nodeLabelTraces
        visualID="5001"
        queryText="true"/>
  </nodeTraces>
  <nodeTraces
      visualID="2002"
      queryText="(let _eClass_:ecore::EClass = modelFacet.metaClass.ecoreClass in _eClass_.ePackage.nsURI = 'http://unicase.org/model/component' and _eClass_.name = 'Component') and (let _containmentMF_:ecore::EStructuralFeature = modelFacet.containmentMetaFeature.ecoreFeature in (let _eClass_:ecore::EClass = _containmentMF_.eContainingClass in _eClass_.ePackage.nsURI = 'http://unicase.org/model/diagram' and _eClass_.name = 'MEDiagram') and _containmentMF_.name = 'newElements') and ( let _childMF_:ecore::EStructuralFeature = modelFacet.childMetaFeature.ecoreFeature in (let _eClass_:ecore::EClass = _childMF_.eContainingClass in _eClass_.ePackage.nsURI = 'http://unicase.org/model/diagram' and _eClass_.name = 'MEDiagram') and _childMF_.name = 'elements')">
    <nodeLabelTraces
        visualID="5002"
        queryText="true"/>
  </nodeTraces>
  <linkTraces
      visualID="4001"
      queryText="modelFacet.oclIsKindOf(gmfgen::FeatureLinkModelFacet) and (let _feature_:ecore::EStructuralFeature = modelFacet.oclAsType(gmfgen::FeatureLinkModelFacet).metaFeature.ecoreFeature in (let _eClass_:ecore::EClass = _feature_.eContainingClass in _eClass_.ePackage.nsURI = 'http://unicase.org/model/component' and _eClass_.name = 'Component') and _feature_.name = 'offeredServices')"/>
  <linkTraces
      visualID="4002"
      queryText="modelFacet.oclIsKindOf(gmfgen::FeatureLinkModelFacet) and (let _feature_:ecore::EStructuralFeature = modelFacet.oclAsType(gmfgen::FeatureLinkModelFacet).metaFeature.ecoreFeature in (let _eClass_:ecore::EClass = _feature_.eContainingClass in _eClass_.ePackage.nsURI = 'http://unicase.org/model/component' and _eClass_.name = 'Component') and _feature_.name = 'consumedServices')"/>
</trace:TraceModel>
