<?xml version="1.0" encoding="UTF-8"?>
<trace:TraceModel xmi:version="2.0"
    xmlns:xmi="http://www.omg.org/XMI"
    xmlns:trace="http://www.eclipse.org/gmf/2006/Trace">
  <nodeTraces
      visualID="2006"
      queryText="(let _eClass_:ecore::EClass = modelFacet.metaClass.ecoreClass in _eClass_.ePackage.nsURI = 'http://unicase.org/model/scrm/knowledge' and _eClass_.name = 'NumericalMethod') and (let _containmentMF_:ecore::EStructuralFeature = modelFacet.containmentMetaFeature.ecoreFeature in (let _eClass_:ecore::EClass = _containmentMF_.eContainingClass in _eClass_.ePackage.nsURI = 'http://unicase.org/model/scrm' and _eClass_.name = 'SCRMDiagram') and _containmentMF_.name = 'newElements') and ( let _childMF_:ecore::EStructuralFeature = modelFacet.childMetaFeature.ecoreFeature in (let _eClass_:ecore::EClass = _childMF_.eContainingClass in _eClass_.ePackage.nsURI = 'http://unicase.org/model/scrm' and _eClass_.name = 'SCRMDiagram') and _childMF_.name = 'elements')">
    <nodeLabelTraces
        visualID="5002"
        queryText="true"/>
    <nodeLabelTraces
        visualID="5023"
        queryText="true"/>
  </nodeTraces>
  <nodeTraces
      visualID="2007"
      queryText="(let _eClass_:ecore::EClass = modelFacet.metaClass.ecoreClass in _eClass_.ePackage.nsURI = 'http://unicase.org/model/scrm/knowledge' and _eClass_.name = 'ScientificProblem') and (let _containmentMF_:ecore::EStructuralFeature = modelFacet.containmentMetaFeature.ecoreFeature in (let _eClass_:ecore::EClass = _containmentMF_.eContainingClass in _eClass_.ePackage.nsURI = 'http://unicase.org/model/scrm' and _eClass_.name = 'SCRMDiagram') and _containmentMF_.name = 'newElements') and ( let _childMF_:ecore::EStructuralFeature = modelFacet.childMetaFeature.ecoreFeature in (let _eClass_:ecore::EClass = _childMF_.eContainingClass in _eClass_.ePackage.nsURI = 'http://unicase.org/model/scrm' and _eClass_.name = 'SCRMDiagram') and _childMF_.name = 'elements')">
    <nodeLabelTraces
        visualID="5003"
        queryText="true"/>
    <nodeLabelTraces
        visualID="5019"
        queryText="true"/>
  </nodeTraces>
  <nodeTraces
      visualID="2008"
      queryText="(let _eClass_:ecore::EClass = modelFacet.metaClass.ecoreClass in _eClass_.ePackage.nsURI = 'http://unicase.org/model/scrm/knowledge' and _eClass_.name = 'Assumption') and (let _containmentMF_:ecore::EStructuralFeature = modelFacet.containmentMetaFeature.ecoreFeature in (let _eClass_:ecore::EClass = _containmentMF_.eContainingClass in _eClass_.ePackage.nsURI = 'http://unicase.org/model/scrm' and _eClass_.name = 'SCRMDiagram') and _containmentMF_.name = 'newElements') and ( let _childMF_:ecore::EStructuralFeature = modelFacet.childMetaFeature.ecoreFeature in (let _eClass_:ecore::EClass = _childMF_.eContainingClass in _eClass_.ePackage.nsURI = 'http://unicase.org/model/scrm' and _eClass_.name = 'SCRMDiagram') and _childMF_.name = 'elements')">
    <nodeLabelTraces
        visualID="5004"
        queryText="true"/>
    <nodeLabelTraces
        visualID="5026"
        queryText="true"/>
  </nodeTraces>
  <nodeTraces
      visualID="2009"
      queryText="(let _eClass_:ecore::EClass = modelFacet.metaClass.ecoreClass in _eClass_.ePackage.nsURI = 'http://unicase.org/model/scrm/requirements' and _eClass_.name = 'Feature') and (let _containmentMF_:ecore::EStructuralFeature = modelFacet.containmentMetaFeature.ecoreFeature in (let _eClass_:ecore::EClass = _containmentMF_.eContainingClass in _eClass_.ePackage.nsURI = 'http://unicase.org/model/scrm' and _eClass_.name = 'SCRMDiagram') and _containmentMF_.name = 'newElements') and ( let _childMF_:ecore::EStructuralFeature = modelFacet.childMetaFeature.ecoreFeature in (let _eClass_:ecore::EClass = _childMF_.eContainingClass in _eClass_.ePackage.nsURI = 'http://unicase.org/model/scrm' and _eClass_.name = 'SCRMDiagram') and _childMF_.name = 'elements')">
    <nodeLabelTraces
        visualID="5005"
        queryText="true"/>
    <nodeLabelTraces
        visualID="5027"
        queryText="true"/>
  </nodeTraces>
  <nodeTraces
      visualID="2010"
      queryText="(let _eClass_:ecore::EClass = modelFacet.metaClass.ecoreClass in _eClass_.ePackage.nsURI = 'http://unicase.org/model/scrm/requirements' and _eClass_.name = 'Hardware') and (let _containmentMF_:ecore::EStructuralFeature = modelFacet.containmentMetaFeature.ecoreFeature in (let _eClass_:ecore::EClass = _containmentMF_.eContainingClass in _eClass_.ePackage.nsURI = 'http://unicase.org/model/scrm' and _eClass_.name = 'SCRMDiagram') and _containmentMF_.name = 'newElements') and ( let _childMF_:ecore::EStructuralFeature = modelFacet.childMetaFeature.ecoreFeature in (let _eClass_:ecore::EClass = _childMF_.eContainingClass in _eClass_.ePackage.nsURI = 'http://unicase.org/model/scrm' and _eClass_.name = 'SCRMDiagram') and _childMF_.name = 'elements')">
    <nodeLabelTraces
        visualID="5006"
        queryText="true"/>
    <nodeLabelTraces
        visualID="5028"
        queryText="true"/>
    <nodeLabelTraces
        visualID="5029"
        queryText="true"/>
    <nodeLabelTraces
        visualID="5030"
        queryText="true"/>
    <nodeLabelTraces
        visualID="5031"
        queryText="true"/>
  </nodeTraces>
  <nodeTraces
      visualID="2011"
      queryText="(let _eClass_:ecore::EClass = modelFacet.metaClass.ecoreClass in _eClass_.ePackage.nsURI = 'http://unicase.org/model/scrm/requirements' and _eClass_.name = 'Constraint') and (let _containmentMF_:ecore::EStructuralFeature = modelFacet.containmentMetaFeature.ecoreFeature in (let _eClass_:ecore::EClass = _containmentMF_.eContainingClass in _eClass_.ePackage.nsURI = 'http://unicase.org/model/scrm' and _eClass_.name = 'SCRMDiagram') and _containmentMF_.name = 'newElements') and ( let _childMF_:ecore::EStructuralFeature = modelFacet.childMetaFeature.ecoreFeature in (let _eClass_:ecore::EClass = _childMF_.eContainingClass in _eClass_.ePackage.nsURI = 'http://unicase.org/model/scrm' and _eClass_.name = 'SCRMDiagram') and _childMF_.name = 'elements')">
    <nodeLabelTraces
        visualID="5007"
        queryText="true"/>
    <nodeLabelTraces
        visualID="5032"
        queryText="true"/>
  </nodeTraces>
  <nodeTraces
      visualID="2012"
      queryText="(let _eClass_:ecore::EClass = modelFacet.metaClass.ecoreClass in _eClass_.ePackage.nsURI = 'http://unicase.org/model/scrm/requirements' and _eClass_.name = 'UserInterface') and (let _containmentMF_:ecore::EStructuralFeature = modelFacet.containmentMetaFeature.ecoreFeature in (let _eClass_:ecore::EClass = _containmentMF_.eContainingClass in _eClass_.ePackage.nsURI = 'http://unicase.org/model/scrm' and _eClass_.name = 'SCRMDiagram') and _containmentMF_.name = 'newElements') and ( let _childMF_:ecore::EStructuralFeature = modelFacet.childMetaFeature.ecoreFeature in (let _eClass_:ecore::EClass = _childMF_.eContainingClass in _eClass_.ePackage.nsURI = 'http://unicase.org/model/scrm' and _eClass_.name = 'SCRMDiagram') and _childMF_.name = 'elements')">
    <nodeLabelTraces
        visualID="5008"
        queryText="true"/>
    <nodeLabelTraces
        visualID="5033"
        queryText="true"/>
  </nodeTraces>
  <nodeTraces
      visualID="2013"
      queryText="(let _eClass_:ecore::EClass = modelFacet.metaClass.ecoreClass in _eClass_.ePackage.nsURI = 'http://unicase.org/model/scrm/requirements' and _eClass_.name = 'SoftwareInterface') and (let _containmentMF_:ecore::EStructuralFeature = modelFacet.containmentMetaFeature.ecoreFeature in (let _eClass_:ecore::EClass = _containmentMF_.eContainingClass in _eClass_.ePackage.nsURI = 'http://unicase.org/model/scrm' and _eClass_.name = 'SCRMDiagram') and _containmentMF_.name = 'newElements') and ( let _childMF_:ecore::EStructuralFeature = modelFacet.childMetaFeature.ecoreFeature in (let _eClass_:ecore::EClass = _childMF_.eContainingClass in _eClass_.ePackage.nsURI = 'http://unicase.org/model/scrm' and _eClass_.name = 'SCRMDiagram') and _childMF_.name = 'elements')">
    <nodeLabelTraces
        visualID="5009"
        queryText="true"/>
    <nodeLabelTraces
        visualID="5034"
        queryText="true"/>
  </nodeTraces>
  <nodeTraces
      visualID="2015"
      queryText="(let _eClass_:ecore::EClass = modelFacet.metaClass.ecoreClass in _eClass_.ePackage.nsURI = 'http://unicase.org/model/scrm/requirements' and _eClass_.name = 'Performance') and (let _containmentMF_:ecore::EStructuralFeature = modelFacet.containmentMetaFeature.ecoreFeature in (let _eClass_:ecore::EClass = _containmentMF_.eContainingClass in _eClass_.ePackage.nsURI = 'http://unicase.org/model/scrm' and _eClass_.name = 'SCRMDiagram') and _containmentMF_.name = 'newElements') and ( let _childMF_:ecore::EStructuralFeature = modelFacet.childMetaFeature.ecoreFeature in (let _eClass_:ecore::EClass = _childMF_.eContainingClass in _eClass_.ePackage.nsURI = 'http://unicase.org/model/scrm' and _eClass_.name = 'SCRMDiagram') and _childMF_.name = 'elements')">
    <nodeLabelTraces
        visualID="5011"
        queryText="true"/>
    <nodeLabelTraces
        visualID="5037"
        queryText="true"/>
  </nodeTraces>
  <nodeTraces
      visualID="2034"
      queryText="let _eClass_:ecore::EClass = modelFacet.metaClass.ecoreClass in _eClass_.ePackage.nsURI = 'http://unicase.org/model/scrm/requirements' and _eClass_.name = 'Requirement'">
    <nodeLabelTraces
        visualID="5072"
        queryText="true"/>
    <nodeLabelTraces
        visualID="5073"
        queryText="true"/>
  </nodeTraces>
  <nodeTraces
      visualID="2035"
      queryText="(let _eClass_:ecore::EClass = modelFacet.metaClass.ecoreClass in _eClass_.ePackage.nsURI = 'http://unicase.org/model/scrm/requirements/dataProcess' and _eClass_.name = 'Process') and (let _containmentMF_:ecore::EStructuralFeature = modelFacet.containmentMetaFeature.ecoreFeature in (let _eClass_:ecore::EClass = _containmentMF_.eContainingClass in _eClass_.ePackage.nsURI = 'http://unicase.org/model/scrm' and _eClass_.name = 'SCRMDiagram') and _containmentMF_.name = 'newElements') and ( let _childMF_:ecore::EStructuralFeature = modelFacet.childMetaFeature.ecoreFeature in (let _eClass_:ecore::EClass = _childMF_.eContainingClass in _eClass_.ePackage.nsURI = 'http://unicase.org/model/scrm' and _eClass_.name = 'SCRMDiagram') and _childMF_.name = 'elements')">
    <nodeLabelTraces
        visualID="5074"
        queryText="true"/>
    <nodeLabelTraces
        visualID="5075"
        queryText="true"/>
  </nodeTraces>
  <nodeTraces
      visualID="2036"
      queryText="(let _eClass_:ecore::EClass = modelFacet.metaClass.ecoreClass in _eClass_.ePackage.nsURI = 'http://unicase.org/model/scrm/requirements/dataProcess' and _eClass_.name = 'InputDataReading') and (let _containmentMF_:ecore::EStructuralFeature = modelFacet.containmentMetaFeature.ecoreFeature in (let _eClass_:ecore::EClass = _containmentMF_.eContainingClass in _eClass_.ePackage.nsURI = 'http://unicase.org/model/scrm' and _eClass_.name = 'SCRMDiagram') and _containmentMF_.name = 'newElements') and ( let _childMF_:ecore::EStructuralFeature = modelFacet.childMetaFeature.ecoreFeature in (let _eClass_:ecore::EClass = _childMF_.eContainingClass in _eClass_.ePackage.nsURI = 'http://unicase.org/model/scrm' and _eClass_.name = 'SCRMDiagram') and _childMF_.name = 'elements')">
    <nodeLabelTraces
        visualID="5076"
        queryText="true"/>
    <nodeLabelTraces
        visualID="5077"
        queryText="true"/>
  </nodeTraces>
  <nodeTraces
      visualID="2038"
      queryText="(let _eClass_:ecore::EClass = modelFacet.metaClass.ecoreClass in _eClass_.ePackage.nsURI = 'http://unicase.org/model/scrm/requirements/dataProcess' and _eClass_.name = 'ResultsOutput') and (let _containmentMF_:ecore::EStructuralFeature = modelFacet.containmentMetaFeature.ecoreFeature in (let _eClass_:ecore::EClass = _containmentMF_.eContainingClass in _eClass_.ePackage.nsURI = 'http://unicase.org/model/scrm' and _eClass_.name = 'SCRMDiagram') and _containmentMF_.name = 'newElements') and ( let _childMF_:ecore::EStructuralFeature = modelFacet.childMetaFeature.ecoreFeature in (let _eClass_:ecore::EClass = _childMF_.eContainingClass in _eClass_.ePackage.nsURI = 'http://unicase.org/model/scrm' and _eClass_.name = 'SCRMDiagram') and _childMF_.name = 'elements')">
    <nodeLabelTraces
        visualID="5080"
        queryText="true"/>
    <nodeLabelTraces
        visualID="5081"
        queryText="true"/>
  </nodeTraces>
  <nodeTraces
      visualID="2039"
      queryText="(let _eClass_:ecore::EClass = modelFacet.metaClass.ecoreClass in _eClass_.ePackage.nsURI = 'http://unicase.org/model/scrm/requirements/dataProcess' and _eClass_.name = 'ErrorHandling') and (let _containmentMF_:ecore::EStructuralFeature = modelFacet.containmentMetaFeature.ecoreFeature in (let _eClass_:ecore::EClass = _containmentMF_.eContainingClass in _eClass_.ePackage.nsURI = 'http://unicase.org/model/scrm' and _eClass_.name = 'SCRMDiagram') and _containmentMF_.name = 'newElements') and ( let _childMF_:ecore::EStructuralFeature = modelFacet.childMetaFeature.ecoreFeature in (let _eClass_:ecore::EClass = _childMF_.eContainingClass in _eClass_.ePackage.nsURI = 'http://unicase.org/model/scrm' and _eClass_.name = 'SCRMDiagram') and _childMF_.name = 'elements')">
    <nodeLabelTraces
        visualID="5082"
        queryText="true"/>
    <nodeLabelTraces
        visualID="5083"
        queryText="true"/>
  </nodeTraces>
  <nodeTraces
      visualID="2040"
      queryText="(let _eClass_:ecore::EClass = modelFacet.metaClass.ecoreClass in _eClass_.ePackage.nsURI = 'http://unicase.org/model/scrm/requirements/dataProcess' and _eClass_.name = 'StatusMonitoring') and (let _containmentMF_:ecore::EStructuralFeature = modelFacet.containmentMetaFeature.ecoreFeature in (let _eClass_:ecore::EClass = _containmentMF_.eContainingClass in _eClass_.ePackage.nsURI = 'http://unicase.org/model/scrm' and _eClass_.name = 'SCRMDiagram') and _containmentMF_.name = 'newElements') and ( let _childMF_:ecore::EStructuralFeature = modelFacet.childMetaFeature.ecoreFeature in (let _eClass_:ecore::EClass = _childMF_.eContainingClass in _eClass_.ePackage.nsURI = 'http://unicase.org/model/scrm' and _eClass_.name = 'SCRMDiagram') and _childMF_.name = 'elements')">
    <nodeLabelTraces
        visualID="5084"
        queryText="true"/>
    <nodeLabelTraces
        visualID="5085"
        queryText="true"/>
  </nodeTraces>
  <nodeTraces
      visualID="2044"
      queryText="(let _eClass_:ecore::EClass = modelFacet.metaClass.ecoreClass in _eClass_.ePackage.nsURI = 'http://unicase.org/model/scrm/knowledge' and _eClass_.name = 'KnowledgeSpace') and (let _containmentMF_:ecore::EStructuralFeature = modelFacet.containmentMetaFeature.ecoreFeature in (let _eClass_:ecore::EClass = _containmentMF_.eContainingClass in _eClass_.ePackage.nsURI = 'http://unicase.org/model/scrm' and _eClass_.name = 'SCRMDiagram') and _containmentMF_.name = 'newElements') and ( let _childMF_:ecore::EStructuralFeature = modelFacet.childMetaFeature.ecoreFeature in (let _eClass_:ecore::EClass = _childMF_.eContainingClass in _eClass_.ePackage.nsURI = 'http://unicase.org/model/scrm' and _eClass_.name = 'SCRMDiagram') and _childMF_.name = 'elements')">
    <nodeLabelTraces
        visualID="5086"
        queryText="true"/>
    <compartmentTraces
        visualID="7001"
        queryText="true"/>
  </nodeTraces>
  <nodeTraces
      visualID="2045"
      queryText="(let _eClass_:ecore::EClass = modelFacet.metaClass.ecoreClass in _eClass_.ePackage.nsURI = 'http://unicase.org/model/scrm/requirements' and _eClass_.name = 'RequirementSpace') and (let _containmentMF_:ecore::EStructuralFeature = modelFacet.containmentMetaFeature.ecoreFeature in (let _eClass_:ecore::EClass = _containmentMF_.eContainingClass in _eClass_.ePackage.nsURI = 'http://unicase.org/model/scrm' and _eClass_.name = 'SCRMDiagram') and _containmentMF_.name = 'newElements') and ( let _childMF_:ecore::EStructuralFeature = modelFacet.childMetaFeature.ecoreFeature in (let _eClass_:ecore::EClass = _childMF_.eContainingClass in _eClass_.ePackage.nsURI = 'http://unicase.org/model/scrm' and _eClass_.name = 'SCRMDiagram') and _childMF_.name = 'elements')">
    <nodeLabelTraces
        visualID="5140"
        queryText="true"/>
    <compartmentTraces
        visualID="7003"
        queryText="true"/>
  </nodeTraces>
  <nodeTraces
      visualID="2046"
      queryText="(let _eClass_:ecore::EClass = modelFacet.metaClass.ecoreClass in _eClass_.ePackage.nsURI = 'http://unicase.org/model/scrm/requirements/dataProcess' and _eClass_.name = 'DataProcessSpace') and (let _containmentMF_:ecore::EStructuralFeature = modelFacet.containmentMetaFeature.ecoreFeature in (let _eClass_:ecore::EClass = _containmentMF_.eContainingClass in _eClass_.ePackage.nsURI = 'http://unicase.org/model/scrm' and _eClass_.name = 'SCRMDiagram') and _containmentMF_.name = 'newElements') and ( let _childMF_:ecore::EStructuralFeature = modelFacet.childMetaFeature.ecoreFeature in (let _eClass_:ecore::EClass = _childMF_.eContainingClass in _eClass_.ePackage.nsURI = 'http://unicase.org/model/scrm' and _eClass_.name = 'SCRMDiagram') and _childMF_.name = 'elements')">
    <nodeLabelTraces
        visualID="5142"
        queryText="true"/>
    <compartmentTraces
        visualID="7005"
        queryText="true"/>
  </nodeTraces>
  <nodeTraces
      visualID="2047"
      queryText="(let _eClass_:ecore::EClass = modelFacet.metaClass.ecoreClass in _eClass_.ePackage.nsURI = 'http://unicase.org/model/scrm/knowledge' and _eClass_.name = 'Mathematical_GeophysicalModel') and (let _containmentMF_:ecore::EStructuralFeature = modelFacet.containmentMetaFeature.ecoreFeature in (let _eClass_:ecore::EClass = _containmentMF_.eContainingClass in _eClass_.ePackage.nsURI = 'http://unicase.org/model/scrm' and _eClass_.name = 'SCRMDiagram') and _containmentMF_.name = 'newElements') and ( let _childMF_:ecore::EStructuralFeature = modelFacet.childMetaFeature.ecoreFeature in (let _eClass_:ecore::EClass = _childMF_.eContainingClass in _eClass_.ePackage.nsURI = 'http://unicase.org/model/scrm' and _eClass_.name = 'SCRMDiagram') and _childMF_.name = 'elements')">
    <nodeLabelTraces
        visualID="5156"
        queryText="true"/>
    <nodeLabelTraces
        visualID="5157"
        queryText="true"/>
  </nodeTraces>
  <nodeTraces
      visualID="2048"
      queryText="(let _eClass_:ecore::EClass = modelFacet.metaClass.ecoreClass in _eClass_.ePackage.nsURI = 'http://unicase.org/model/scrm/requirements/dataProcess' and _eClass_.name = 'Solver') and (let _containmentMF_:ecore::EStructuralFeature = modelFacet.containmentMetaFeature.ecoreFeature in (let _eClass_:ecore::EClass = _containmentMF_.eContainingClass in _eClass_.ePackage.nsURI = 'http://unicase.org/model/scrm' and _eClass_.name = 'SCRMDiagram') and _containmentMF_.name = 'newElements') and ( let _childMF_:ecore::EStructuralFeature = modelFacet.childMetaFeature.ecoreFeature in (let _eClass_:ecore::EClass = _childMF_.eContainingClass in _eClass_.ePackage.nsURI = 'http://unicase.org/model/scrm' and _eClass_.name = 'SCRMDiagram') and _childMF_.name = 'elements')">
    <nodeLabelTraces
        visualID="5158"
        queryText="true"/>
    <nodeLabelTraces
        visualID="5159"
        queryText="true"/>
  </nodeTraces>
  <nodeTraces
      visualID="2049"
      queryText="(let _eClass_:ecore::EClass = modelFacet.metaClass.ecoreClass in _eClass_.ePackage.nsURI = 'http://unicase.org/model/scrm/requirements/dataProcess' and _eClass_.name = 'MeshCreation') and (let _containmentMF_:ecore::EStructuralFeature = modelFacet.containmentMetaFeature.ecoreFeature in (let _eClass_:ecore::EClass = _containmentMF_.eContainingClass in _eClass_.ePackage.nsURI = 'http://unicase.org/model/scrm' and _eClass_.name = 'SCRMDiagram') and _containmentMF_.name = 'newElements') and ( let _childMF_:ecore::EStructuralFeature = modelFacet.childMetaFeature.ecoreFeature in (let _eClass_:ecore::EClass = _childMF_.eContainingClass in _eClass_.ePackage.nsURI = 'http://unicase.org/model/scrm' and _eClass_.name = 'SCRMDiagram') and _childMF_.name = 'elements')">
    <nodeLabelTraces
        visualID="5160"
        queryText="true"/>
    <nodeLabelTraces
        visualID="5161"
        queryText="true"/>
  </nodeTraces>
  <nodeTraces
      visualID="2050"
      queryText="(let _eClass_:ecore::EClass = modelFacet.metaClass.ecoreClass in _eClass_.ePackage.nsURI = 'http://unicase.org/model/scrm/requirements/dataProcess' and _eClass_.name = 'PreProcessing') and (let _containmentMF_:ecore::EStructuralFeature = modelFacet.containmentMetaFeature.ecoreFeature in (let _eClass_:ecore::EClass = _containmentMF_.eContainingClass in _eClass_.ePackage.nsURI = 'http://unicase.org/model/scrm' and _eClass_.name = 'SCRMDiagram') and _containmentMF_.name = 'newElements') and ( let _childMF_:ecore::EStructuralFeature = modelFacet.childMetaFeature.ecoreFeature in (let _eClass_:ecore::EClass = _childMF_.eContainingClass in _eClass_.ePackage.nsURI = 'http://unicase.org/model/scrm' and _eClass_.name = 'SCRMDiagram') and _childMF_.name = 'elements')">
    <nodeLabelTraces
        visualID="5162"
        queryText="true"/>
    <nodeLabelTraces
        visualID="5163"
        queryText="true"/>
  </nodeTraces>
  <nodeTraces
      visualID="2051"
      queryText="(let _eClass_:ecore::EClass = modelFacet.metaClass.ecoreClass in _eClass_.ePackage.nsURI = 'http://unicase.org/model/scrm/requirements/dataProcess' and _eClass_.name = 'PostProcessing') and (let _containmentMF_:ecore::EStructuralFeature = modelFacet.containmentMetaFeature.ecoreFeature in (let _eClass_:ecore::EClass = _containmentMF_.eContainingClass in _eClass_.ePackage.nsURI = 'http://unicase.org/model/scrm' and _eClass_.name = 'SCRMDiagram') and _containmentMF_.name = 'newElements') and ( let _childMF_:ecore::EStructuralFeature = modelFacet.childMetaFeature.ecoreFeature in (let _eClass_:ecore::EClass = _childMF_.eContainingClass in _eClass_.ePackage.nsURI = 'http://unicase.org/model/scrm' and _eClass_.name = 'SCRMDiagram') and _childMF_.name = 'elements')">
    <nodeLabelTraces
        visualID="5164"
        queryText="true"/>
    <nodeLabelTraces
        visualID="5165"
        queryText="true"/>
  </nodeTraces>
  <nodeTraces
      visualID="2052"
      queryText="(let _eClass_:ecore::EClass = modelFacet.metaClass.ecoreClass in _eClass_.ePackage.nsURI = 'http://unicase.org/model/scrm/requirements/dataObject' and _eClass_.name = 'DataDefinition') and (let _containmentMF_:ecore::EStructuralFeature = modelFacet.containmentMetaFeature.ecoreFeature in (let _eClass_:ecore::EClass = _containmentMF_.eContainingClass in _eClass_.ePackage.nsURI = 'http://unicase.org/model/scrm' and _eClass_.name = 'SCRMDiagram') and _containmentMF_.name = 'newElements') and ( let _childMF_:ecore::EStructuralFeature = modelFacet.childMetaFeature.ecoreFeature in (let _eClass_:ecore::EClass = _childMF_.eContainingClass in _eClass_.ePackage.nsURI = 'http://unicase.org/model/scrm' and _eClass_.name = 'SCRMDiagram') and _childMF_.name = 'elements')">
    <nodeLabelTraces
        visualID="5166"
        queryText="true"/>
    <nodeLabelTraces
        visualID="5167"
        queryText="true"/>
    <nodeLabelTraces
        visualID="5168"
        queryText="true"/>
    <nodeLabelTraces
        visualID="5169"
        queryText="true"/>
    <nodeLabelTraces
        visualID="5170"
        queryText="true"/>
  </nodeTraces>
  <nodeTraces
      visualID="2053"
      queryText="(let _eClass_:ecore::EClass = modelFacet.metaClass.ecoreClass in _eClass_.ePackage.nsURI = 'http://unicase.org/model/scrm/requirements/dataObject' and _eClass_.name = 'SeismicSource') and (let _containmentMF_:ecore::EStructuralFeature = modelFacet.containmentMetaFeature.ecoreFeature in (let _eClass_:ecore::EClass = _containmentMF_.eContainingClass in _eClass_.ePackage.nsURI = 'http://unicase.org/model/scrm' and _eClass_.name = 'SCRMDiagram') and _containmentMF_.name = 'newElements') and ( let _childMF_:ecore::EStructuralFeature = modelFacet.childMetaFeature.ecoreFeature in (let _eClass_:ecore::EClass = _childMF_.eContainingClass in _eClass_.ePackage.nsURI = 'http://unicase.org/model/scrm' and _eClass_.name = 'SCRMDiagram') and _childMF_.name = 'elements')">
    <nodeLabelTraces
        visualID="5171"
        queryText="true"/>
    <nodeLabelTraces
        visualID="5172"
        queryText="true"/>
    <nodeLabelTraces
        visualID="5173"
        queryText="true"/>
    <nodeLabelTraces
        visualID="5174"
        queryText="true"/>
    <nodeLabelTraces
        visualID="5175"
        queryText="true"/>
  </nodeTraces>
  <nodeTraces
      visualID="2054"
      queryText="(let _eClass_:ecore::EClass = modelFacet.metaClass.ecoreClass in _eClass_.ePackage.nsURI = 'http://unicase.org/model/scrm/requirements/dataObject' and _eClass_.name = 'ComputationalMesh') and (let _containmentMF_:ecore::EStructuralFeature = modelFacet.containmentMetaFeature.ecoreFeature in (let _eClass_:ecore::EClass = _containmentMF_.eContainingClass in _eClass_.ePackage.nsURI = 'http://unicase.org/model/scrm' and _eClass_.name = 'SCRMDiagram') and _containmentMF_.name = 'newElements') and ( let _childMF_:ecore::EStructuralFeature = modelFacet.childMetaFeature.ecoreFeature in (let _eClass_:ecore::EClass = _childMF_.eContainingClass in _eClass_.ePackage.nsURI = 'http://unicase.org/model/scrm' and _eClass_.name = 'SCRMDiagram') and _childMF_.name = 'elements')">
    <nodeLabelTraces
        visualID="5176"
        queryText="true"/>
    <nodeLabelTraces
        visualID="5177"
        queryText="true"/>
    <nodeLabelTraces
        visualID="5178"
        queryText="true"/>
    <nodeLabelTraces
        visualID="5179"
        queryText="true"/>
    <nodeLabelTraces
        visualID="5180"
        queryText="true"/>
  </nodeTraces>
  <nodeTraces
      visualID="2055"
      queryText="(let _eClass_:ecore::EClass = modelFacet.metaClass.ecoreClass in _eClass_.ePackage.nsURI = 'http://unicase.org/model/scrm/requirements/dataObject' and _eClass_.name = 'SyntheticSeismogram') and (let _containmentMF_:ecore::EStructuralFeature = modelFacet.containmentMetaFeature.ecoreFeature in (let _eClass_:ecore::EClass = _containmentMF_.eContainingClass in _eClass_.ePackage.nsURI = 'http://unicase.org/model/scrm' and _eClass_.name = 'SCRMDiagram') and _containmentMF_.name = 'newElements') and ( let _childMF_:ecore::EStructuralFeature = modelFacet.childMetaFeature.ecoreFeature in (let _eClass_:ecore::EClass = _childMF_.eContainingClass in _eClass_.ePackage.nsURI = 'http://unicase.org/model/scrm' and _eClass_.name = 'SCRMDiagram') and _childMF_.name = 'elements')">
    <nodeLabelTraces
        visualID="5181"
        queryText="true"/>
    <nodeLabelTraces
        visualID="5182"
        queryText="true"/>
    <nodeLabelTraces
        visualID="5183"
        queryText="true"/>
    <nodeLabelTraces
        visualID="5184"
        queryText="true"/>
    <nodeLabelTraces
        visualID="5185"
        queryText="true"/>
  </nodeTraces>
  <nodeTraces
      visualID="2056"
      queryText="(let _eClass_:ecore::EClass = modelFacet.metaClass.ecoreClass in _eClass_.ePackage.nsURI = 'http://unicase.org/model/scrm/requirements/dataObject' and _eClass_.name = 'Station') and (let _containmentMF_:ecore::EStructuralFeature = modelFacet.containmentMetaFeature.ecoreFeature in (let _eClass_:ecore::EClass = _containmentMF_.eContainingClass in _eClass_.ePackage.nsURI = 'http://unicase.org/model/scrm' and _eClass_.name = 'SCRMDiagram') and _containmentMF_.name = 'newElements') and ( let _childMF_:ecore::EStructuralFeature = modelFacet.childMetaFeature.ecoreFeature in (let _eClass_:ecore::EClass = _childMF_.eContainingClass in _eClass_.ePackage.nsURI = 'http://unicase.org/model/scrm' and _eClass_.name = 'SCRMDiagram') and _childMF_.name = 'elements')">
    <nodeLabelTraces
        visualID="5186"
        queryText="true"/>
    <nodeLabelTraces
        visualID="5187"
        queryText="true"/>
    <nodeLabelTraces
        visualID="5188"
        queryText="true"/>
    <nodeLabelTraces
        visualID="5189"
        queryText="true"/>
    <nodeLabelTraces
        visualID="5190"
        queryText="true"/>
  </nodeTraces>
  <nodeTraces
      visualID="2057"
      queryText="(let _eClass_:ecore::EClass = modelFacet.metaClass.ecoreClass in _eClass_.ePackage.nsURI = 'http://unicase.org/model/scrm/requirements/dataObject' and _eClass_.name = 'ControlParameter') and (let _containmentMF_:ecore::EStructuralFeature = modelFacet.containmentMetaFeature.ecoreFeature in (let _eClass_:ecore::EClass = _containmentMF_.eContainingClass in _eClass_.ePackage.nsURI = 'http://unicase.org/model/scrm' and _eClass_.name = 'SCRMDiagram') and _containmentMF_.name = 'newElements') and ( let _childMF_:ecore::EStructuralFeature = modelFacet.childMetaFeature.ecoreFeature in (let _eClass_:ecore::EClass = _childMF_.eContainingClass in _eClass_.ePackage.nsURI = 'http://unicase.org/model/scrm' and _eClass_.name = 'SCRMDiagram') and _childMF_.name = 'elements')">
    <nodeLabelTraces
        visualID="5191"
        queryText="true"/>
    <nodeLabelTraces
        visualID="5192"
        queryText="true"/>
    <nodeLabelTraces
        visualID="5193"
        queryText="true"/>
  </nodeTraces>
  <childNodeTraces
      visualID="3001"
      queryText="(let _eClass_:ecore::EClass = modelFacet.metaClass.ecoreClass in _eClass_.ePackage.nsURI = 'http://unicase.org/model/scrm/knowledge' and _eClass_.name = 'ScientificProblem') and (let _containmentMF_:ecore::EStructuralFeature = modelFacet.containmentMetaFeature.ecoreFeature in (let _eClass_:ecore::EClass = _containmentMF_.eContainingClass in _eClass_.ePackage.nsURI = 'http://unicase.org/model/scrm/knowledge' and _eClass_.name = 'KnowledgeSpace') and _containmentMF_.name = 'containedScientificKnowledge')">
    <nodeLabelTraces
        visualID="5087"
        queryText="true"/>
    <nodeLabelTraces
        visualID="5088"
        queryText="true"/>
  </childNodeTraces>
  <childNodeTraces
      visualID="3002"
      queryText="(let _eClass_:ecore::EClass = modelFacet.metaClass.ecoreClass in _eClass_.ePackage.nsURI = 'http://unicase.org/model/scrm/knowledge' and _eClass_.name = 'NumericalMethod') and (let _containmentMF_:ecore::EStructuralFeature = modelFacet.containmentMetaFeature.ecoreFeature in (let _eClass_:ecore::EClass = _containmentMF_.eContainingClass in _eClass_.ePackage.nsURI = 'http://unicase.org/model/scrm/knowledge' and _eClass_.name = 'KnowledgeSpace') and _containmentMF_.name = 'containedScientificKnowledge')">
    <nodeLabelTraces
        visualID="5089"
        queryText="true"/>
    <nodeLabelTraces
        visualID="5090"
        queryText="true"/>
  </childNodeTraces>
  <childNodeTraces
      visualID="3004"
      queryText="(let _eClass_:ecore::EClass = modelFacet.metaClass.ecoreClass in _eClass_.ePackage.nsURI = 'http://unicase.org/model/scrm/knowledge' and _eClass_.name = 'Assumption') and (let _containmentMF_:ecore::EStructuralFeature = modelFacet.containmentMetaFeature.ecoreFeature in (let _eClass_:ecore::EClass = _containmentMF_.eContainingClass in _eClass_.ePackage.nsURI = 'http://unicase.org/model/scrm/knowledge' and _eClass_.name = 'KnowledgeSpace') and _containmentMF_.name = 'containedScientificKnowledge')">
    <nodeLabelTraces
        visualID="5097"
        queryText="true"/>
    <nodeLabelTraces
        visualID="5098"
        queryText="true"/>
  </childNodeTraces>
  <childNodeTraces
      visualID="3005"
      queryText="(let _eClass_:ecore::EClass = modelFacet.metaClass.ecoreClass in _eClass_.ePackage.nsURI = 'http://unicase.org/model/scrm/knowledge' and _eClass_.name = 'KnowledgeSpace') and (let _containmentMF_:ecore::EStructuralFeature = modelFacet.containmentMetaFeature.ecoreFeature in (let _eClass_:ecore::EClass = _containmentMF_.eContainingClass in _eClass_.ePackage.nsURI = 'http://unicase.org/model/scrm/knowledge' and _eClass_.name = 'KnowledgeSpace') and _containmentMF_.name = 'containedScientificKnowledge')">
    <nodeLabelTraces
        visualID="5099"
        queryText="true"/>
    <compartmentTraces
        visualID="7002"
        queryText="true"/>
  </childNodeTraces>
  <childNodeTraces
      visualID="3006"
      queryText="(let _eClass_:ecore::EClass = modelFacet.metaClass.ecoreClass in _eClass_.ePackage.nsURI = 'http://unicase.org/model/scrm/requirements' and _eClass_.name = 'Constraint') and (let _containmentMF_:ecore::EStructuralFeature = modelFacet.containmentMetaFeature.ecoreFeature in (let _eClass_:ecore::EClass = _containmentMF_.eContainingClass in _eClass_.ePackage.nsURI = 'http://unicase.org/model/scrm/requirements' and _eClass_.name = 'RequirementSpace') and _containmentMF_.name = 'containedInformationofRequirements')">
    <nodeLabelTraces
        visualID="5100"
        queryText="true"/>
    <nodeLabelTraces
        visualID="5101"
        queryText="true"/>
  </childNodeTraces>
  <childNodeTraces
      visualID="3009"
      queryText="(let _eClass_:ecore::EClass = modelFacet.metaClass.ecoreClass in _eClass_.ePackage.nsURI = 'http://unicase.org/model/scrm/requirements' and _eClass_.name = 'Feature') and (let _containmentMF_:ecore::EStructuralFeature = modelFacet.containmentMetaFeature.ecoreFeature in (let _eClass_:ecore::EClass = _containmentMF_.eContainingClass in _eClass_.ePackage.nsURI = 'http://unicase.org/model/scrm/requirements' and _eClass_.name = 'RequirementSpace') and _containmentMF_.name = 'containedInformationofRequirements')">
    <nodeLabelTraces
        visualID="5110"
        queryText="true"/>
    <nodeLabelTraces
        visualID="5111"
        queryText="true"/>
  </childNodeTraces>
  <childNodeTraces
      visualID="3010"
      queryText="(let _eClass_:ecore::EClass = modelFacet.metaClass.ecoreClass in _eClass_.ePackage.nsURI = 'http://unicase.org/model/scrm/requirements' and _eClass_.name = 'Hardware') and (let _containmentMF_:ecore::EStructuralFeature = modelFacet.containmentMetaFeature.ecoreFeature in (let _eClass_:ecore::EClass = _containmentMF_.eContainingClass in _eClass_.ePackage.nsURI = 'http://unicase.org/model/scrm/requirements' and _eClass_.name = 'RequirementSpace') and _containmentMF_.name = 'containedInformationofRequirements')">
    <nodeLabelTraces
        visualID="5112"
        queryText="true"/>
    <nodeLabelTraces
        visualID="5113"
        queryText="true"/>
    <nodeLabelTraces
        visualID="5114"
        queryText="true"/>
    <nodeLabelTraces
        visualID="5115"
        queryText="true"/>
    <nodeLabelTraces
        visualID="5116"
        queryText="true"/>
  </childNodeTraces>
  <childNodeTraces
      visualID="3011"
      queryText="(let _eClass_:ecore::EClass = modelFacet.metaClass.ecoreClass in _eClass_.ePackage.nsURI = 'http://unicase.org/model/scrm/requirements' and _eClass_.name = 'Performance') and (let _containmentMF_:ecore::EStructuralFeature = modelFacet.containmentMetaFeature.ecoreFeature in (let _eClass_:ecore::EClass = _containmentMF_.eContainingClass in _eClass_.ePackage.nsURI = 'http://unicase.org/model/scrm/requirements' and _eClass_.name = 'RequirementSpace') and _containmentMF_.name = 'containedInformationofRequirements')">
    <nodeLabelTraces
        visualID="5117"
        queryText="true"/>
    <nodeLabelTraces
        visualID="5118"
        queryText="true"/>
  </childNodeTraces>
  <childNodeTraces
      visualID="3012"
      queryText="(let _eClass_:ecore::EClass = modelFacet.metaClass.ecoreClass in _eClass_.ePackage.nsURI = 'http://unicase.org/model/scrm/requirements' and _eClass_.name = 'Requirement') and (let _containmentMF_:ecore::EStructuralFeature = modelFacet.containmentMetaFeature.ecoreFeature in (let _eClass_:ecore::EClass = _containmentMF_.eContainingClass in _eClass_.ePackage.nsURI = 'http://unicase.org/model/scrm/requirements' and _eClass_.name = 'RequirementSpace') and _containmentMF_.name = 'containedInformationofRequirements')">
    <nodeLabelTraces
        visualID="5120"
        queryText="true"/>
    <nodeLabelTraces
        visualID="5121"
        queryText="true"/>
  </childNodeTraces>
  <childNodeTraces
      visualID="3013"
      queryText="(let _eClass_:ecore::EClass = modelFacet.metaClass.ecoreClass in _eClass_.ePackage.nsURI = 'http://unicase.org/model/scrm/requirements' and _eClass_.name = 'SoftwareInterface') and (let _containmentMF_:ecore::EStructuralFeature = modelFacet.containmentMetaFeature.ecoreFeature in (let _eClass_:ecore::EClass = _containmentMF_.eContainingClass in _eClass_.ePackage.nsURI = 'http://unicase.org/model/scrm/requirements' and _eClass_.name = 'RequirementSpace') and _containmentMF_.name = 'containedInformationofRequirements')">
    <nodeLabelTraces
        visualID="5122"
        queryText="true"/>
    <nodeLabelTraces
        visualID="5123"
        queryText="true"/>
  </childNodeTraces>
  <childNodeTraces
      visualID="3014"
      queryText="(let _eClass_:ecore::EClass = modelFacet.metaClass.ecoreClass in _eClass_.ePackage.nsURI = 'http://unicase.org/model/scrm/requirements' and _eClass_.name = 'UserInterface') and (let _containmentMF_:ecore::EStructuralFeature = modelFacet.containmentMetaFeature.ecoreFeature in (let _eClass_:ecore::EClass = _containmentMF_.eContainingClass in _eClass_.ePackage.nsURI = 'http://unicase.org/model/scrm/requirements' and _eClass_.name = 'RequirementSpace') and _containmentMF_.name = 'containedInformationofRequirements')">
    <nodeLabelTraces
        visualID="5125"
        queryText="true"/>
    <nodeLabelTraces
        visualID="5126"
        queryText="true"/>
  </childNodeTraces>
  <childNodeTraces
      visualID="3015"
      queryText="(let _eClass_:ecore::EClass = modelFacet.metaClass.ecoreClass in _eClass_.ePackage.nsURI = 'http://unicase.org/model/scrm/requirements' and _eClass_.name = 'RequirementSpace') and (let _containmentMF_:ecore::EStructuralFeature = modelFacet.containmentMetaFeature.ecoreFeature in (let _eClass_:ecore::EClass = _containmentMF_.eContainingClass in _eClass_.ePackage.nsURI = 'http://unicase.org/model/scrm/requirements' and _eClass_.name = 'RequirementSpace') and _containmentMF_.name = 'containedInformationofRequirements')">
    <nodeLabelTraces
        visualID="5139"
        queryText="true"/>
    <compartmentTraces
        visualID="7004"
        queryText="true"/>
  </childNodeTraces>
  <childNodeTraces
      visualID="3016"
      queryText="(let _eClass_:ecore::EClass = modelFacet.metaClass.ecoreClass in _eClass_.ePackage.nsURI = 'http://unicase.org/model/scrm/requirements/dataProcess' and _eClass_.name = 'StatusMonitoring') and (let _containmentMF_:ecore::EStructuralFeature = modelFacet.containmentMetaFeature.ecoreFeature in (let _eClass_:ecore::EClass = _containmentMF_.eContainingClass in _eClass_.ePackage.nsURI = 'http://unicase.org/model/scrm/requirements/dataProcess' and _eClass_.name = 'DataProcessSpace') and _containmentMF_.name = 'containedDataProcessSteps')">
    <nodeLabelTraces
        visualID="5127"
        queryText="true"/>
    <nodeLabelTraces
        visualID="5128"
        queryText="true"/>
  </childNodeTraces>
  <childNodeTraces
      visualID="3017"
      queryText="(let _eClass_:ecore::EClass = modelFacet.metaClass.ecoreClass in _eClass_.ePackage.nsURI = 'http://unicase.org/model/scrm/requirements/dataProcess' and _eClass_.name = 'ResultsOutput') and (let _containmentMF_:ecore::EStructuralFeature = modelFacet.containmentMetaFeature.ecoreFeature in (let _eClass_:ecore::EClass = _containmentMF_.eContainingClass in _eClass_.ePackage.nsURI = 'http://unicase.org/model/scrm/requirements/dataProcess' and _eClass_.name = 'DataProcessSpace') and _containmentMF_.name = 'containedDataProcessSteps')">
    <nodeLabelTraces
        visualID="5129"
        queryText="true"/>
    <nodeLabelTraces
        visualID="5130"
        queryText="true"/>
  </childNodeTraces>
  <childNodeTraces
      visualID="3018"
      queryText="(let _eClass_:ecore::EClass = modelFacet.metaClass.ecoreClass in _eClass_.ePackage.nsURI = 'http://unicase.org/model/scrm/requirements/dataProcess' and _eClass_.name = 'Process') and (let _containmentMF_:ecore::EStructuralFeature = modelFacet.containmentMetaFeature.ecoreFeature in (let _eClass_:ecore::EClass = _containmentMF_.eContainingClass in _eClass_.ePackage.nsURI = 'http://unicase.org/model/scrm/requirements/dataProcess' and _eClass_.name = 'DataProcessSpace') and _containmentMF_.name = 'containedDataProcessSteps')">
    <nodeLabelTraces
        visualID="5131"
        queryText="true"/>
    <nodeLabelTraces
        visualID="5132"
        queryText="true"/>
  </childNodeTraces>
  <childNodeTraces
      visualID="3019"
      queryText="(let _eClass_:ecore::EClass = modelFacet.metaClass.ecoreClass in _eClass_.ePackage.nsURI = 'http://unicase.org/model/scrm/requirements/dataProcess' and _eClass_.name = 'InputDataReading') and (let _containmentMF_:ecore::EStructuralFeature = modelFacet.containmentMetaFeature.ecoreFeature in (let _eClass_:ecore::EClass = _containmentMF_.eContainingClass in _eClass_.ePackage.nsURI = 'http://unicase.org/model/scrm/requirements/dataProcess' and _eClass_.name = 'DataProcessSpace') and _containmentMF_.name = 'containedDataProcessSteps')">
    <nodeLabelTraces
        visualID="5133"
        queryText="true"/>
    <nodeLabelTraces
        visualID="5134"
        queryText="true"/>
  </childNodeTraces>
  <childNodeTraces
      visualID="3020"
      queryText="(let _eClass_:ecore::EClass = modelFacet.metaClass.ecoreClass in _eClass_.ePackage.nsURI = 'http://unicase.org/model/scrm/requirements/dataProcess' and _eClass_.name = 'ErrorHandling') and (let _containmentMF_:ecore::EStructuralFeature = modelFacet.containmentMetaFeature.ecoreFeature in (let _eClass_:ecore::EClass = _containmentMF_.eContainingClass in _eClass_.ePackage.nsURI = 'http://unicase.org/model/scrm/requirements/dataProcess' and _eClass_.name = 'DataProcessSpace') and _containmentMF_.name = 'containedDataProcessSteps')">
    <nodeLabelTraces
        visualID="5135"
        queryText="true"/>
    <nodeLabelTraces
        visualID="5136"
        queryText="true"/>
  </childNodeTraces>
  <childNodeTraces
      visualID="3022"
      queryText="(let _eClass_:ecore::EClass = modelFacet.metaClass.ecoreClass in _eClass_.ePackage.nsURI = 'http://unicase.org/model/scrm/requirements/dataProcess' and _eClass_.name = 'DataProcessSpace') and (let _containmentMF_:ecore::EStructuralFeature = modelFacet.containmentMetaFeature.ecoreFeature in (let _eClass_:ecore::EClass = _containmentMF_.eContainingClass in _eClass_.ePackage.nsURI = 'http://unicase.org/model/scrm/requirements/dataProcess' and _eClass_.name = 'DataProcessSpace') and _containmentMF_.name = 'containedDataProcessSteps')">
    <nodeLabelTraces
        visualID="5141"
        queryText="true"/>
    <compartmentTraces
        visualID="7006"
        queryText="true"/>
  </childNodeTraces>
  <childNodeTraces
      visualID="3023"
      queryText="(let _eClass_:ecore::EClass = modelFacet.metaClass.ecoreClass in _eClass_.ePackage.nsURI = 'http://unicase.org/model/scrm/requirements/dataProcess' and _eClass_.name = 'StatusMonitoring') and (let _containmentMF_:ecore::EStructuralFeature = modelFacet.containmentMetaFeature.ecoreFeature in (let _eClass_:ecore::EClass = _containmentMF_.eContainingClass in _eClass_.ePackage.nsURI = 'http://unicase.org/model/scrm/requirements' and _eClass_.name = 'RequirementSpace') and _containmentMF_.name = 'containedInformationofRequirements')">
    <nodeLabelTraces
        visualID="5143"
        queryText="true"/>
    <nodeLabelTraces
        visualID="5144"
        queryText="true"/>
  </childNodeTraces>
  <childNodeTraces
      visualID="3024"
      queryText="(let _eClass_:ecore::EClass = modelFacet.metaClass.ecoreClass in _eClass_.ePackage.nsURI = 'http://unicase.org/model/scrm/requirements/dataProcess' and _eClass_.name = 'ResultsOutput') and (let _containmentMF_:ecore::EStructuralFeature = modelFacet.containmentMetaFeature.ecoreFeature in (let _eClass_:ecore::EClass = _containmentMF_.eContainingClass in _eClass_.ePackage.nsURI = 'http://unicase.org/model/scrm/requirements' and _eClass_.name = 'RequirementSpace') and _containmentMF_.name = 'containedInformationofRequirements')">
    <nodeLabelTraces
        visualID="5145"
        queryText="true"/>
    <nodeLabelTraces
        visualID="5146"
        queryText="true"/>
  </childNodeTraces>
  <childNodeTraces
      visualID="3025"
      queryText="(let _eClass_:ecore::EClass = modelFacet.metaClass.ecoreClass in _eClass_.ePackage.nsURI = 'http://unicase.org/model/scrm/requirements/dataProcess' and _eClass_.name = 'Process') and (let _containmentMF_:ecore::EStructuralFeature = modelFacet.containmentMetaFeature.ecoreFeature in (let _eClass_:ecore::EClass = _containmentMF_.eContainingClass in _eClass_.ePackage.nsURI = 'http://unicase.org/model/scrm/requirements' and _eClass_.name = 'RequirementSpace') and _containmentMF_.name = 'containedInformationofRequirements')">
    <nodeLabelTraces
        visualID="5147"
        queryText="true"/>
    <nodeLabelTraces
        visualID="5148"
        queryText="true"/>
  </childNodeTraces>
  <childNodeTraces
      visualID="3026"
      queryText="(let _eClass_:ecore::EClass = modelFacet.metaClass.ecoreClass in _eClass_.ePackage.nsURI = 'http://unicase.org/model/scrm/requirements/dataProcess' and _eClass_.name = 'InputDataReading') and (let _containmentMF_:ecore::EStructuralFeature = modelFacet.containmentMetaFeature.ecoreFeature in (let _eClass_:ecore::EClass = _containmentMF_.eContainingClass in _eClass_.ePackage.nsURI = 'http://unicase.org/model/scrm/requirements' and _eClass_.name = 'RequirementSpace') and _containmentMF_.name = 'containedInformationofRequirements')">
    <nodeLabelTraces
        visualID="5149"
        queryText="true"/>
    <nodeLabelTraces
        visualID="5150"
        queryText="true"/>
  </childNodeTraces>
  <childNodeTraces
      visualID="3027"
      queryText="(let _eClass_:ecore::EClass = modelFacet.metaClass.ecoreClass in _eClass_.ePackage.nsURI = 'http://unicase.org/model/scrm/requirements/dataProcess' and _eClass_.name = 'ErrorHandling') and (let _containmentMF_:ecore::EStructuralFeature = modelFacet.containmentMetaFeature.ecoreFeature in (let _eClass_:ecore::EClass = _containmentMF_.eContainingClass in _eClass_.ePackage.nsURI = 'http://unicase.org/model/scrm/requirements' and _eClass_.name = 'RequirementSpace') and _containmentMF_.name = 'containedInformationofRequirements')">
    <nodeLabelTraces
        visualID="5151"
        queryText="true"/>
    <nodeLabelTraces
        visualID="5152"
        queryText="true"/>
  </childNodeTraces>
  <childNodeTraces
      visualID="3029"
      queryText="(let _eClass_:ecore::EClass = modelFacet.metaClass.ecoreClass in _eClass_.ePackage.nsURI = 'http://unicase.org/model/scrm/requirements/dataProcess' and _eClass_.name = 'DataProcessSpace') and (let _containmentMF_:ecore::EStructuralFeature = modelFacet.containmentMetaFeature.ecoreFeature in (let _eClass_:ecore::EClass = _containmentMF_.eContainingClass in _eClass_.ePackage.nsURI = 'http://unicase.org/model/scrm/requirements' and _eClass_.name = 'RequirementSpace') and _containmentMF_.name = 'containedInformationofRequirements')">
    <nodeLabelTraces
        visualID="5155"
        queryText="true"/>
    <compartmentTraces
        visualID="7007"
        queryText="true"/>
  </childNodeTraces>
  <childNodeTraces
      visualID="3030"
      queryText="(let _eClass_:ecore::EClass = modelFacet.metaClass.ecoreClass in _eClass_.ePackage.nsURI = 'http://unicase.org/model/scrm/knowledge' and _eClass_.name = 'Mathematical_GeophysicalModel') and (let _containmentMF_:ecore::EStructuralFeature = modelFacet.containmentMetaFeature.ecoreFeature in (let _eClass_:ecore::EClass = _containmentMF_.eContainingClass in _eClass_.ePackage.nsURI = 'http://unicase.org/model/scrm/knowledge' and _eClass_.name = 'KnowledgeSpace') and _containmentMF_.name = 'containedScientificKnowledge')">
    <nodeLabelTraces
        visualID="5194"
        queryText="true"/>
    <nodeLabelTraces
        visualID="5195"
        queryText="true"/>
  </childNodeTraces>
  <childNodeTraces
      visualID="3031"
      queryText="(let _eClass_:ecore::EClass = modelFacet.metaClass.ecoreClass in _eClass_.ePackage.nsURI = 'http://unicase.org/model/scrm/requirements/dataProcess' and _eClass_.name = 'Solver') and (let _containmentMF_:ecore::EStructuralFeature = modelFacet.containmentMetaFeature.ecoreFeature in (let _eClass_:ecore::EClass = _containmentMF_.eContainingClass in _eClass_.ePackage.nsURI = 'http://unicase.org/model/scrm/requirements' and _eClass_.name = 'RequirementSpace') and _containmentMF_.name = 'containedInformationofRequirements')">
    <nodeLabelTraces
        visualID="5196"
        queryText="true"/>
    <nodeLabelTraces
        visualID="5197"
        queryText="true"/>
  </childNodeTraces>
  <childNodeTraces
      visualID="3032"
      queryText="(let _eClass_:ecore::EClass = modelFacet.metaClass.ecoreClass in _eClass_.ePackage.nsURI = 'http://unicase.org/model/scrm/requirements/dataProcess' and _eClass_.name = 'MeshCreation') and (let _containmentMF_:ecore::EStructuralFeature = modelFacet.containmentMetaFeature.ecoreFeature in (let _eClass_:ecore::EClass = _containmentMF_.eContainingClass in _eClass_.ePackage.nsURI = 'http://unicase.org/model/scrm/requirements' and _eClass_.name = 'RequirementSpace') and _containmentMF_.name = 'containedInformationofRequirements')">
    <nodeLabelTraces
        visualID="5198"
        queryText="true"/>
    <nodeLabelTraces
        visualID="5199"
        queryText="true"/>
  </childNodeTraces>
  <childNodeTraces
      visualID="3033"
      queryText="(let _eClass_:ecore::EClass = modelFacet.metaClass.ecoreClass in _eClass_.ePackage.nsURI = 'http://unicase.org/model/scrm/requirements/dataProcess' and _eClass_.name = 'PreProcessing') and (let _containmentMF_:ecore::EStructuralFeature = modelFacet.containmentMetaFeature.ecoreFeature in (let _eClass_:ecore::EClass = _containmentMF_.eContainingClass in _eClass_.ePackage.nsURI = 'http://unicase.org/model/scrm/requirements' and _eClass_.name = 'RequirementSpace') and _containmentMF_.name = 'containedInformationofRequirements')">
    <nodeLabelTraces
        visualID="5200"
        queryText="true"/>
    <nodeLabelTraces
        visualID="5201"
        queryText="true"/>
  </childNodeTraces>
  <childNodeTraces
      visualID="3034"
      queryText="(let _eClass_:ecore::EClass = modelFacet.metaClass.ecoreClass in _eClass_.ePackage.nsURI = 'http://unicase.org/model/scrm/requirements/dataProcess' and _eClass_.name = 'PostProcessing') and (let _containmentMF_:ecore::EStructuralFeature = modelFacet.containmentMetaFeature.ecoreFeature in (let _eClass_:ecore::EClass = _containmentMF_.eContainingClass in _eClass_.ePackage.nsURI = 'http://unicase.org/model/scrm/requirements' and _eClass_.name = 'RequirementSpace') and _containmentMF_.name = 'containedInformationofRequirements')">
    <nodeLabelTraces
        visualID="5202"
        queryText="true"/>
    <nodeLabelTraces
        visualID="5203"
        queryText="true"/>
  </childNodeTraces>
  <childNodeTraces
      visualID="3035"
      queryText="(let _eClass_:ecore::EClass = modelFacet.metaClass.ecoreClass in _eClass_.ePackage.nsURI = 'http://unicase.org/model/scrm/requirements/dataObject' and _eClass_.name = 'DataDefinition') and (let _containmentMF_:ecore::EStructuralFeature = modelFacet.containmentMetaFeature.ecoreFeature in (let _eClass_:ecore::EClass = _containmentMF_.eContainingClass in _eClass_.ePackage.nsURI = 'http://unicase.org/model/scrm/requirements' and _eClass_.name = 'RequirementSpace') and _containmentMF_.name = 'containedInformationofRequirements')">
    <nodeLabelTraces
        visualID="5204"
        queryText="true"/>
    <nodeLabelTraces
        visualID="5205"
        queryText="true"/>
    <nodeLabelTraces
        visualID="5206"
        queryText="true"/>
    <nodeLabelTraces
        visualID="5207"
        queryText="true"/>
    <nodeLabelTraces
        visualID="5208"
        queryText="true"/>
  </childNodeTraces>
  <childNodeTraces
      visualID="3036"
      queryText="(let _eClass_:ecore::EClass = modelFacet.metaClass.ecoreClass in _eClass_.ePackage.nsURI = 'http://unicase.org/model/scrm/requirements/dataObject' and _eClass_.name = 'SeismicSource') and (let _containmentMF_:ecore::EStructuralFeature = modelFacet.containmentMetaFeature.ecoreFeature in (let _eClass_:ecore::EClass = _containmentMF_.eContainingClass in _eClass_.ePackage.nsURI = 'http://unicase.org/model/scrm/requirements' and _eClass_.name = 'RequirementSpace') and _containmentMF_.name = 'containedInformationofRequirements')">
    <nodeLabelTraces
        visualID="5209"
        queryText="true"/>
    <nodeLabelTraces
        visualID="5210"
        queryText="true"/>
    <nodeLabelTraces
        visualID="5211"
        queryText="true"/>
    <nodeLabelTraces
        visualID="5212"
        queryText="true"/>
    <nodeLabelTraces
        visualID="5213"
        queryText="true"/>
  </childNodeTraces>
  <childNodeTraces
      visualID="3037"
      queryText="(let _eClass_:ecore::EClass = modelFacet.metaClass.ecoreClass in _eClass_.ePackage.nsURI = 'http://unicase.org/model/scrm/requirements/dataObject' and _eClass_.name = 'ComputationalMesh') and (let _containmentMF_:ecore::EStructuralFeature = modelFacet.containmentMetaFeature.ecoreFeature in (let _eClass_:ecore::EClass = _containmentMF_.eContainingClass in _eClass_.ePackage.nsURI = 'http://unicase.org/model/scrm/requirements' and _eClass_.name = 'RequirementSpace') and _containmentMF_.name = 'containedInformationofRequirements')">
    <nodeLabelTraces
        visualID="5214"
        queryText="true"/>
    <nodeLabelTraces
        visualID="5215"
        queryText="true"/>
    <nodeLabelTraces
        visualID="5216"
        queryText="true"/>
    <nodeLabelTraces
        visualID="5217"
        queryText="true"/>
    <nodeLabelTraces
        visualID="5218"
        queryText="true"/>
  </childNodeTraces>
  <childNodeTraces
      visualID="3038"
      queryText="(let _eClass_:ecore::EClass = modelFacet.metaClass.ecoreClass in _eClass_.ePackage.nsURI = 'http://unicase.org/model/scrm/requirements/dataObject' and _eClass_.name = 'SyntheticSeismogram') and (let _containmentMF_:ecore::EStructuralFeature = modelFacet.containmentMetaFeature.ecoreFeature in (let _eClass_:ecore::EClass = _containmentMF_.eContainingClass in _eClass_.ePackage.nsURI = 'http://unicase.org/model/scrm/requirements' and _eClass_.name = 'RequirementSpace') and _containmentMF_.name = 'containedInformationofRequirements')">
    <nodeLabelTraces
        visualID="5219"
        queryText="true"/>
    <nodeLabelTraces
        visualID="5220"
        queryText="true"/>
    <nodeLabelTraces
        visualID="5221"
        queryText="true"/>
    <nodeLabelTraces
        visualID="5222"
        queryText="true"/>
    <nodeLabelTraces
        visualID="5223"
        queryText="true"/>
  </childNodeTraces>
  <childNodeTraces
      visualID="3039"
      queryText="(let _eClass_:ecore::EClass = modelFacet.metaClass.ecoreClass in _eClass_.ePackage.nsURI = 'http://unicase.org/model/scrm/requirements/dataObject' and _eClass_.name = 'Station') and (let _containmentMF_:ecore::EStructuralFeature = modelFacet.containmentMetaFeature.ecoreFeature in (let _eClass_:ecore::EClass = _containmentMF_.eContainingClass in _eClass_.ePackage.nsURI = 'http://unicase.org/model/scrm/requirements' and _eClass_.name = 'RequirementSpace') and _containmentMF_.name = 'containedInformationofRequirements')">
    <nodeLabelTraces
        visualID="5224"
        queryText="true"/>
    <nodeLabelTraces
        visualID="5225"
        queryText="true"/>
    <nodeLabelTraces
        visualID="5226"
        queryText="true"/>
    <nodeLabelTraces
        visualID="5227"
        queryText="true"/>
    <nodeLabelTraces
        visualID="5228"
        queryText="true"/>
  </childNodeTraces>
  <childNodeTraces
      visualID="3040"
      queryText="(let _eClass_:ecore::EClass = modelFacet.metaClass.ecoreClass in _eClass_.ePackage.nsURI = 'http://unicase.org/model/scrm/requirements/dataObject' and _eClass_.name = 'ControlParameter') and (let _containmentMF_:ecore::EStructuralFeature = modelFacet.containmentMetaFeature.ecoreFeature in (let _eClass_:ecore::EClass = _containmentMF_.eContainingClass in _eClass_.ePackage.nsURI = 'http://unicase.org/model/scrm/requirements' and _eClass_.name = 'RequirementSpace') and _containmentMF_.name = 'containedInformationofRequirements')">
    <nodeLabelTraces
        visualID="5229"
        queryText="true"/>
    <nodeLabelTraces
        visualID="5230"
        queryText="true"/>
    <nodeLabelTraces
        visualID="5231"
        queryText="true"/>
  </childNodeTraces>
  <childNodeTraces
      visualID="3041"
      queryText="(let _eClass_:ecore::EClass = modelFacet.metaClass.ecoreClass in _eClass_.ePackage.nsURI = 'http://unicase.org/model/scrm/requirements/dataProcess' and _eClass_.name = 'Solver') and (let _containmentMF_:ecore::EStructuralFeature = modelFacet.containmentMetaFeature.ecoreFeature in (let _eClass_:ecore::EClass = _containmentMF_.eContainingClass in _eClass_.ePackage.nsURI = 'http://unicase.org/model/scrm/requirements/dataProcess' and _eClass_.name = 'DataProcessSpace') and _containmentMF_.name = 'containedDataProcessSteps')">
    <nodeLabelTraces
        visualID="5232"
        queryText="true"/>
    <nodeLabelTraces
        visualID="5233"
        queryText="true"/>
  </childNodeTraces>
  <childNodeTraces
      visualID="3042"
      queryText="(let _eClass_:ecore::EClass = modelFacet.metaClass.ecoreClass in _eClass_.ePackage.nsURI = 'http://unicase.org/model/scrm/requirements/dataProcess' and _eClass_.name = 'MeshCreation') and (let _containmentMF_:ecore::EStructuralFeature = modelFacet.containmentMetaFeature.ecoreFeature in (let _eClass_:ecore::EClass = _containmentMF_.eContainingClass in _eClass_.ePackage.nsURI = 'http://unicase.org/model/scrm/requirements/dataProcess' and _eClass_.name = 'DataProcessSpace') and _containmentMF_.name = 'containedDataProcessSteps')">
    <nodeLabelTraces
        visualID="5234"
        queryText="true"/>
    <nodeLabelTraces
        visualID="5235"
        queryText="true"/>
  </childNodeTraces>
  <childNodeTraces
      visualID="3043"
      queryText="(let _eClass_:ecore::EClass = modelFacet.metaClass.ecoreClass in _eClass_.ePackage.nsURI = 'http://unicase.org/model/scrm/requirements/dataProcess' and _eClass_.name = 'PreProcessing') and (let _containmentMF_:ecore::EStructuralFeature = modelFacet.containmentMetaFeature.ecoreFeature in (let _eClass_:ecore::EClass = _containmentMF_.eContainingClass in _eClass_.ePackage.nsURI = 'http://unicase.org/model/scrm/requirements/dataProcess' and _eClass_.name = 'DataProcessSpace') and _containmentMF_.name = 'containedDataProcessSteps')">
    <nodeLabelTraces
        visualID="5236"
        queryText="true"/>
    <nodeLabelTraces
        visualID="5237"
        queryText="true"/>
  </childNodeTraces>
  <childNodeTraces
      visualID="3044"
      queryText="(let _eClass_:ecore::EClass = modelFacet.metaClass.ecoreClass in _eClass_.ePackage.nsURI = 'http://unicase.org/model/scrm/requirements/dataProcess' and _eClass_.name = 'PostProcessing') and (let _containmentMF_:ecore::EStructuralFeature = modelFacet.containmentMetaFeature.ecoreFeature in (let _eClass_:ecore::EClass = _containmentMF_.eContainingClass in _eClass_.ePackage.nsURI = 'http://unicase.org/model/scrm/requirements/dataProcess' and _eClass_.name = 'DataProcessSpace') and _containmentMF_.name = 'containedDataProcessSteps')">
    <nodeLabelTraces
        visualID="5238"
        queryText="true"/>
    <nodeLabelTraces
        visualID="5239"
        queryText="true"/>
  </childNodeTraces>
  <linkTraces
      visualID="4008"
      queryText="modelFacet.oclIsKindOf(gmfgen::FeatureLinkModelFacet) and (let _feature_:ecore::EStructuralFeature = modelFacet.oclAsType(gmfgen::FeatureLinkModelFacet).metaFeature.ecoreFeature in (let _eClass_:ecore::EClass = _feature_.eContainingClass in _eClass_.ePackage.nsURI = 'http://unicase.org/model/scrm/knowledge' and _eClass_.name = 'ScientificProblem') and _feature_.name = 'influencedFeature')">
    <linkLabelTraces
        visualID="6006"
        queryText="true"/>
  </linkTraces>
  <linkTraces
      visualID="4015"
      queryText="modelFacet.oclIsKindOf(gmfgen::FeatureLinkModelFacet) and (let _feature_:ecore::EStructuralFeature = modelFacet.oclAsType(gmfgen::FeatureLinkModelFacet).metaFeature.ecoreFeature in (let _eClass_:ecore::EClass = _feature_.eContainingClass in _eClass_.ePackage.nsURI = 'http://unicase.org/model/scrm/knowledge' and _eClass_.name = 'NumericalMethod') and _feature_.name = 'dependencies')">
    <linkLabelTraces
        visualID="6013"
        queryText="true"/>
  </linkTraces>
  <linkTraces
      visualID="4023"
      queryText="modelFacet.oclIsKindOf(gmfgen::FeatureLinkModelFacet) and (let _feature_:ecore::EStructuralFeature = modelFacet.oclAsType(gmfgen::FeatureLinkModelFacet).metaFeature.ecoreFeature in (let _eClass_:ecore::EClass = _feature_.eContainingClass in _eClass_.ePackage.nsURI = 'http://unicase.org/model/scrm/requirements' and _eClass_.name = 'Feature') and _feature_.name = 'requiredInterfaces')">
    <linkLabelTraces
        visualID="6021"
        queryText="true"/>
  </linkTraces>
  <linkTraces
      visualID="4024"
      queryText="modelFacet.oclIsKindOf(gmfgen::FeatureLinkModelFacet) and (let _feature_:ecore::EStructuralFeature = modelFacet.oclAsType(gmfgen::FeatureLinkModelFacet).metaFeature.ecoreFeature in (let _eClass_:ecore::EClass = _feature_.eContainingClass in _eClass_.ePackage.nsURI = 'http://unicase.org/model/scrm/requirements' and _eClass_.name = 'Feature') and _feature_.name = 'providedInterfaces')">
    <linkLabelTraces
        visualID="6022"
        queryText="true"/>
  </linkTraces>
  <linkTraces
      visualID="4026"
      queryText="modelFacet.oclIsKindOf(gmfgen::FeatureLinkModelFacet) and (let _feature_:ecore::EStructuralFeature = modelFacet.oclAsType(gmfgen::FeatureLinkModelFacet).metaFeature.ecoreFeature in (let _eClass_:ecore::EClass = _feature_.eContainingClass in _eClass_.ePackage.nsURI = 'http://unicase.org/model/scrm/requirements' and _eClass_.name = 'Feature') and _feature_.name = 'dependencies')">
    <linkLabelTraces
        visualID="6024"
        queryText="true"/>
  </linkTraces>
  <linkTraces
      visualID="4030"
      queryText="modelFacet.oclIsKindOf(gmfgen::FeatureLinkModelFacet) and (let _feature_:ecore::EStructuralFeature = modelFacet.oclAsType(gmfgen::FeatureLinkModelFacet).metaFeature.ecoreFeature in (let _eClass_:ecore::EClass = _feature_.eContainingClass in _eClass_.ePackage.nsURI = 'http://unicase.org/model/scrm/requirements' and _eClass_.name = 'Feature') and _feature_.name = 'requiredFeatures')">
    <linkLabelTraces
        visualID="6028"
        queryText="true"/>
  </linkTraces>
  <linkTraces
      visualID="4032"
      queryText="modelFacet.oclIsKindOf(gmfgen::FeatureLinkModelFacet) and (let _feature_:ecore::EStructuralFeature = modelFacet.oclAsType(gmfgen::FeatureLinkModelFacet).metaFeature.ecoreFeature in (let _eClass_:ecore::EClass = _feature_.eContainingClass in _eClass_.ePackage.nsURI = 'http://unicase.org/model/scrm/requirements' and _eClass_.name = 'Feature') and _feature_.name = 'excludedFeatures')">
    <linkLabelTraces
        visualID="6030"
        queryText="true"/>
  </linkTraces>
  <linkTraces
      visualID="4047"
      queryText="modelFacet.oclIsKindOf(gmfgen::FeatureLinkModelFacet) and (let _feature_:ecore::EStructuralFeature = modelFacet.oclAsType(gmfgen::FeatureLinkModelFacet).metaFeature.ecoreFeature in (let _eClass_:ecore::EClass = _feature_.eContainingClass in _eClass_.ePackage.nsURI = 'http://unicase.org/model/scrm/requirements/dataProcess' and _eClass_.name = 'Process') and _feature_.name = 'successor')">
    <linkLabelTraces
        visualID="6045"
        queryText="true"/>
  </linkTraces>
  <linkTraces
      visualID="4051"
      queryText="modelFacet.oclIsKindOf(gmfgen::FeatureLinkModelFacet) and (let _feature_:ecore::EStructuralFeature = modelFacet.oclAsType(gmfgen::FeatureLinkModelFacet).metaFeature.ecoreFeature in (let _eClass_:ecore::EClass = _feature_.eContainingClass in _eClass_.ePackage.nsURI = 'http://unicase.org/model/scrm/requirements' and _eClass_.name = 'Constraint') and _feature_.name = 'restrictedFeature')">
    <linkLabelTraces
        visualID="6049"
        queryText="true"/>
  </linkTraces>
  <linkTraces
      visualID="4052"
      queryText="modelFacet.oclIsKindOf(gmfgen::FeatureLinkModelFacet) and (let _feature_:ecore::EStructuralFeature = modelFacet.oclAsType(gmfgen::FeatureLinkModelFacet).metaFeature.ecoreFeature in (let _eClass_:ecore::EClass = _feature_.eContainingClass in _eClass_.ePackage.nsURI = 'http://unicase.org/model/scrm/requirements' and _eClass_.name = 'Requirement') and _feature_.name = 'specifiedFeature')">
    <linkLabelTraces
        visualID="6050"
        queryText="true"/>
  </linkTraces>
  <linkTraces
      visualID="4053"
      queryText="modelFacet.oclIsKindOf(gmfgen::FeatureLinkModelFacet) and (let _feature_:ecore::EStructuralFeature = modelFacet.oclAsType(gmfgen::FeatureLinkModelFacet).metaFeature.ecoreFeature in (let _eClass_:ecore::EClass = _feature_.eContainingClass in _eClass_.ePackage.nsURI = 'http://unicase.org/model/scrm/requirements' and _eClass_.name = 'Feature') and _feature_.name = 'superFeature')">
    <linkLabelTraces
        visualID="6051"
        queryText="true"/>
  </linkTraces>
  <linkTraces
      visualID="4054"
      queryText="modelFacet.oclIsKindOf(gmfgen::FeatureLinkModelFacet) and (let _feature_:ecore::EStructuralFeature = modelFacet.oclAsType(gmfgen::FeatureLinkModelFacet).metaFeature.ecoreFeature in (let _eClass_:ecore::EClass = _feature_.eContainingClass in _eClass_.ePackage.nsURI = 'http://unicase.org/model/scrm/requirements' and _eClass_.name = 'Requirement') and _feature_.name = 'refinedRequirement')">
    <linkLabelTraces
        visualID="6052"
        queryText="true"/>
  </linkTraces>
  <linkTraces
      visualID="4057"
      queryText="modelFacet.oclIsKindOf(gmfgen::FeatureLinkModelFacet) and (let _feature_:ecore::EStructuralFeature = modelFacet.oclAsType(gmfgen::FeatureLinkModelFacet).metaFeature.ecoreFeature in (let _eClass_:ecore::EClass = _feature_.eContainingClass in _eClass_.ePackage.nsURI = 'http://unicase.org/model/scrm/knowledge' and _eClass_.name = 'NumericalMethod') and _feature_.name = 'solvedProblem')">
    <linkLabelTraces
        visualID="6055"
        queryText="true"/>
  </linkTraces>
  <linkTraces
      visualID="4061"
      queryText="modelFacet.oclIsKindOf(gmfgen::FeatureLinkModelFacet) and (let _feature_:ecore::EStructuralFeature = modelFacet.oclAsType(gmfgen::FeatureLinkModelFacet).metaFeature.ecoreFeature in (let _eClass_:ecore::EClass = _feature_.eContainingClass in _eClass_.ePackage.nsURI = 'http://unicase.org/model/scrm/requirements/dataProcess' and _eClass_.name = 'ErrorHandling') and _feature_.name = 'handledProcess')">
    <linkLabelTraces
        visualID="6059"
        queryText="true"/>
  </linkTraces>
  <linkTraces
      visualID="4062"
      queryText="modelFacet.oclIsKindOf(gmfgen::FeatureLinkModelFacet) and (let _feature_:ecore::EStructuralFeature = modelFacet.oclAsType(gmfgen::FeatureLinkModelFacet).metaFeature.ecoreFeature in (let _eClass_:ecore::EClass = _feature_.eContainingClass in _eClass_.ePackage.nsURI = 'http://unicase.org/model/scrm/requirements/dataProcess' and _eClass_.name = 'StatusMonitoring') and _feature_.name = 'monitoredProcess')">
    <linkLabelTraces
        visualID="6060"
        queryText="true"/>
  </linkTraces>
  <linkTraces
      visualID="4063"
      queryText="modelFacet.oclIsKindOf(gmfgen::FeatureLinkModelFacet) and (let _feature_:ecore::EStructuralFeature = modelFacet.oclAsType(gmfgen::FeatureLinkModelFacet).metaFeature.ecoreFeature in (let _eClass_:ecore::EClass = _feature_.eContainingClass in _eClass_.ePackage.nsURI = 'http://unicase.org/model/scrm/knowledge' and _eClass_.name = 'ScientificProblem') and _feature_.name = 'representingModel')">
    <linkLabelTraces
        visualID="6061"
        queryText="true"/>
  </linkTraces>
  <linkTraces
      visualID="4064"
      queryText="modelFacet.oclIsKindOf(gmfgen::FeatureLinkModelFacet) and (let _feature_:ecore::EStructuralFeature = modelFacet.oclAsType(gmfgen::FeatureLinkModelFacet).metaFeature.ecoreFeature in (let _eClass_:ecore::EClass = _feature_.eContainingClass in _eClass_.ePackage.nsURI = 'http://unicase.org/model/scrm/knowledge' and _eClass_.name = 'Mathematical_GeophysicalModel') and _feature_.name = 'refinements')">
    <linkLabelTraces
        visualID="6062"
        queryText="true"/>
  </linkTraces>
  <linkTraces
      visualID="4065"
      queryText="modelFacet.oclIsKindOf(gmfgen::FeatureLinkModelFacet) and (let _feature_:ecore::EStructuralFeature = modelFacet.oclAsType(gmfgen::FeatureLinkModelFacet).metaFeature.ecoreFeature in (let _eClass_:ecore::EClass = _feature_.eContainingClass in _eClass_.ePackage.nsURI = 'http://unicase.org/model/scrm/knowledge' and _eClass_.name = 'Mathematical_GeophysicalModel') and _feature_.name = 'usedInNumericalMethods')">
    <linkLabelTraces
        visualID="6063"
        queryText="true"/>
  </linkTraces>
  <linkTraces
      visualID="4066"
      queryText="modelFacet.oclIsKindOf(gmfgen::FeatureLinkModelFacet) and (let _feature_:ecore::EStructuralFeature = modelFacet.oclAsType(gmfgen::FeatureLinkModelFacet).metaFeature.ecoreFeature in (let _eClass_:ecore::EClass = _feature_.eContainingClass in _eClass_.ePackage.nsURI = 'http://unicase.org/model/scrm/knowledge' and _eClass_.name = 'Mathematical_GeophysicalModel') and _feature_.name = 'dependencies')">
    <linkLabelTraces
        visualID="6064"
        queryText="true"/>
  </linkTraces>
  <linkTraces
      visualID="4067"
      queryText="modelFacet.oclIsKindOf(gmfgen::FeatureLinkModelFacet) and (let _feature_:ecore::EStructuralFeature = modelFacet.oclAsType(gmfgen::FeatureLinkModelFacet).metaFeature.ecoreFeature in (let _eClass_:ecore::EClass = _feature_.eContainingClass in _eClass_.ePackage.nsURI = 'http://unicase.org/model/scrm/knowledge' and _eClass_.name = 'Mathematical_GeophysicalModel') and _feature_.name = 'involvedData')">
    <linkLabelTraces
        visualID="6065"
        queryText="true"/>
  </linkTraces>
  <linkTraces
      visualID="4068"
      queryText="modelFacet.oclIsKindOf(gmfgen::FeatureLinkModelFacet) and (let _feature_:ecore::EStructuralFeature = modelFacet.oclAsType(gmfgen::FeatureLinkModelFacet).metaFeature.ecoreFeature in (let _eClass_:ecore::EClass = _feature_.eContainingClass in _eClass_.ePackage.nsURI = 'http://unicase.org/model/scrm/knowledge' and _eClass_.name = 'NumericalMethod') and _feature_.name = 'realizingRequirement')">
    <linkLabelTraces
        visualID="6066"
        queryText="true"/>
  </linkTraces>
  <linkTraces
      visualID="4069"
      queryText="modelFacet.oclIsKindOf(gmfgen::FeatureLinkModelFacet) and (let _feature_:ecore::EStructuralFeature = modelFacet.oclAsType(gmfgen::FeatureLinkModelFacet).metaFeature.ecoreFeature in (let _eClass_:ecore::EClass = _feature_.eContainingClass in _eClass_.ePackage.nsURI = 'http://unicase.org/model/scrm/knowledge' and _eClass_.name = 'NumericalMethod') and _feature_.name = 'performance')">
    <linkLabelTraces
        visualID="6067"
        queryText="true"/>
  </linkTraces>
  <linkTraces
      visualID="4070"
      queryText="modelFacet.oclIsKindOf(gmfgen::FeatureLinkModelFacet) and (let _feature_:ecore::EStructuralFeature = modelFacet.oclAsType(gmfgen::FeatureLinkModelFacet).metaFeature.ecoreFeature in (let _eClass_:ecore::EClass = _feature_.eContainingClass in _eClass_.ePackage.nsURI = 'http://unicase.org/model/scrm/requirements' and _eClass_.name = 'Interface') and _feature_.name = 'detailsOfProvidingFunctionsAndProperties')">
    <linkLabelTraces
        visualID="6068"
        queryText="true"/>
  </linkTraces>
  <linkTraces
      visualID="4071"
      queryText="modelFacet.oclIsKindOf(gmfgen::FeatureLinkModelFacet) and (let _feature_:ecore::EStructuralFeature = modelFacet.oclAsType(gmfgen::FeatureLinkModelFacet).metaFeature.ecoreFeature in (let _eClass_:ecore::EClass = _feature_.eContainingClass in _eClass_.ePackage.nsURI = 'http://unicase.org/model/scrm/requirements' and _eClass_.name = 'Interface') and _feature_.name = 'detailsOfRequiringFunctionsAndProperties')">
    <linkLabelTraces
        visualID="6069"
        queryText="true"/>
  </linkTraces>
  <linkTraces
      visualID="4072"
      queryText="modelFacet.oclIsKindOf(gmfgen::FeatureLinkModelFacet) and (let _feature_:ecore::EStructuralFeature = modelFacet.oclAsType(gmfgen::FeatureLinkModelFacet).metaFeature.ecoreFeature in (let _eClass_:ecore::EClass = _feature_.eContainingClass in _eClass_.ePackage.nsURI = 'http://unicase.org/model/scrm/requirements' and _eClass_.name = 'Requirement') and _feature_.name = 'providedInterface')">
    <linkLabelTraces
        visualID="6070"
        queryText="true"/>
  </linkTraces>
  <linkTraces
      visualID="4073"
      queryText="modelFacet.oclIsKindOf(gmfgen::FeatureLinkModelFacet) and (let _feature_:ecore::EStructuralFeature = modelFacet.oclAsType(gmfgen::FeatureLinkModelFacet).metaFeature.ecoreFeature in (let _eClass_:ecore::EClass = _feature_.eContainingClass in _eClass_.ePackage.nsURI = 'http://unicase.org/model/scrm/requirements' and _eClass_.name = 'Requirement') and _feature_.name = 'requiredInterface')">
    <linkLabelTraces
        visualID="6071"
        queryText="true"/>
  </linkTraces>
  <linkTraces
      visualID="4074"
      queryText="modelFacet.oclIsKindOf(gmfgen::FeatureLinkModelFacet) and (let _feature_:ecore::EStructuralFeature = modelFacet.oclAsType(gmfgen::FeatureLinkModelFacet).metaFeature.ecoreFeature in (let _eClass_:ecore::EClass = _feature_.eContainingClass in _eClass_.ePackage.nsURI = 'http://unicase.org/model/scrm/requirements' and _eClass_.name = 'Performance') and _feature_.name = 'hardware')">
    <linkLabelTraces
        visualID="6072"
        queryText="true"/>
  </linkTraces>
  <linkTraces
      visualID="4075"
      queryText="modelFacet.oclIsKindOf(gmfgen::FeatureLinkModelFacet) and (let _feature_:ecore::EStructuralFeature = modelFacet.oclAsType(gmfgen::FeatureLinkModelFacet).metaFeature.ecoreFeature in (let _eClass_:ecore::EClass = _feature_.eContainingClass in _eClass_.ePackage.nsURI = 'http://unicase.org/model/scrm/requirements/dataObject' and _eClass_.name = 'DataDefinition') and _feature_.name = 'definedRequirement')">
    <linkLabelTraces
        visualID="6073"
        queryText="true"/>
  </linkTraces>
  <linkTraces
      visualID="4076"
      queryText="modelFacet.oclIsKindOf(gmfgen::FeatureLinkModelFacet) and (let _feature_:ecore::EStructuralFeature = modelFacet.oclAsType(gmfgen::FeatureLinkModelFacet).metaFeature.ecoreFeature in (let _eClass_:ecore::EClass = _feature_.eContainingClass in _eClass_.ePackage.nsURI = 'http://unicase.org/model/scrm/requirements/dataObject' and _eClass_.name = 'DataDefinition') and _feature_.name = 'providedInterface')">
    <linkLabelTraces
        visualID="6074"
        queryText="true"/>
  </linkTraces>
  <linkTraces
      visualID="4077"
      queryText="modelFacet.oclIsKindOf(gmfgen::FeatureLinkModelFacet) and (let _feature_:ecore::EStructuralFeature = modelFacet.oclAsType(gmfgen::FeatureLinkModelFacet).metaFeature.ecoreFeature in (let _eClass_:ecore::EClass = _feature_.eContainingClass in _eClass_.ePackage.nsURI = 'http://unicase.org/model/scrm/requirements/dataObject' and _eClass_.name = 'DataDefinition') and _feature_.name = 'requiredInterface')">
    <linkLabelTraces
        visualID="6075"
        queryText="true"/>
  </linkTraces>
  <linkTraces
      visualID="4078"
      queryText="modelFacet.oclIsKindOf(gmfgen::FeatureLinkModelFacet) and (let _feature_:ecore::EStructuralFeature = modelFacet.oclAsType(gmfgen::FeatureLinkModelFacet).metaFeature.ecoreFeature in (let _eClass_:ecore::EClass = _feature_.eContainingClass in _eClass_.ePackage.nsURI = 'http://unicase.org/model/scrm/requirements/dataObject' and _eClass_.name = 'ControlParameter') and _feature_.name = 'controlledProcess')">
    <linkLabelTraces
        visualID="6076"
        queryText="true"/>
  </linkTraces>
</trace:TraceModel>
